#
# A fatal error has been detected by the Java Runtime Environment:
#
#  SIGSEGV (0xb) at pc=0x0000000129efa5dd, pid=7113, tid=2571
#
# JRE version: Java(TM) SE Runtime Environment (8.0_51-b16) (build 1.8.0_51-b16)
# Java VM: Java HotSpot(TM) 64-Bit Server VM (25.51-b03 mixed mode bsd-amd64 compressed oops)
# Problematic frame:
# C  [libglass.dylib+0x155dd]  GlassScreenDidChangeScreenParameters+0x9d
#
# Failed to write core dump. Core dumps have been disabled. To enable core dumping, try "ulimit -c unlimited" before starting Java again
#
# If you would like to submit a bug report, please visit:
#   http://bugreport.java.com/bugreport/crash.jsp
#

---------------  T H R E A D  ---------------

Current thread is native thread

siginfo: si_signo: 11 (SIGSEGV), si_code: 1 (SEGV_MAPERR), si_addr: 0x0000000000000000

Registers:
RAX=0x0000000129f2cbc0, RBX=0x0000000000000000, RCX=0x0000000000000103, RDX=0x00007fbdc9862930
RSP=0x00007fff55a869d0, RBP=0x00007fff55a869e0, RSI=0x00007fbdc35237c0, RDI=0x0000000000000000
R8 =0x0000000000000040, R9 =0x00007fff7b5611e0, R10=0xffffffffffffffff, R11=0x0000000000000246
R12=0x00007fbdc3640170, R13=0x00007fbdc3744170, R14=0x00007fbdc3744230, R15=0x0000000000000000
RIP=0x0000000129efa5dd, EFLAGS=0x0000000000010206, ERR=0x0000000000000004
  TRAPNO=0x000000000000000e

Top of Stack: (sp=0x00007fff55a869d0)
0x00007fff55a869d0:   00007fff55a86a28 00007fbdc3744230
0x00007fff55a869e0:   00007fff55a869f0 00007fff90c4db0c
0x00007fff55a869f0:   00007fff55a86a10 00007fff90c4da9f
0x00007fff55a86a00:   0000000000000000 0000000000000000
0x00007fff55a86a10:   00007fff55a86a80 00007fff90c4da17
0x00007fff55a86a20:   00007fff7add49d0 00007fff7c4db0a0
0x00007fff55a86a30:   0000000042000000 00007fff90c4da60
0x00007fff55a86a40:   00007fff7a1a2720 00007fbdc3744170
0x00007fff55a86a50:   00007fbdc3640170 00007fff55a87228
0x00007fff55a86a60:   00007fff7a2cf780 00007fff55a87228
0x00007fff55a86a70:   00007fbdc3744170 00007fff9100d9df
0x00007fff55a86a80:   00007fff55a86ac0 00007fff90c4d782
0x00007fff55a86a90:   00007fff55a870a0 0000000000000000
0x00007fff55a86aa0:   00007fff7a2cf780 00007fff55a87228
0x00007fff55a86ab0:   00007fff8d7fd4c0 00007fff9100d9df
0x00007fff55a86ac0:   00007fff55a871d0 00007fff90c0a592
0x00007fff55a86ad0:   00007fff55a86b20 00007fff8ab834b4
0x00007fff55a86ae0:   00007fbdc368c870 00007fbdc3529670
0x00007fff55a86af0:   00007fbdc4003048 00007fbdc3569da0
0x00007fff55a86b00:   0000000000000000 00007fbdc3744290
0x00007fff55a86b10:   0000000000000000 0000000000000000
0x00007fff55a86b20:   00007fff7a1dfbc0 00007fff55a870a0
0x00007fff55a86b30:   0000000000000001 0000000000000100
0x00007fff55a86b40:   0000000000001e00 00007fff55a86fa0
0x00007fff55a86b50:   0000000000000000 0000000000000100
0x00007fff55a86b60:   00007fff55a86b00 00007fff7a2cf780
0x00007fff55a86b70:   0000000000000000 00007fff7a1a3500
0x00007fff55a86b80:   00007fff7a2cf780 0000000000000000
0x00007fff55a86b90:   00007fff7a1a3500 00007fbdc36d7460
0x00007fff55a86ba0:   00007fbdc368c800 0000000000000002
0x00007fff55a86bb0:   0000000000000000 00007fff8d7fd4c0
0x00007fff55a86bc0:   00007fff55a86d80 00007fff924c4480 

Instructions: (pc=0x0000000129efa5dd)
0x0000000129efa5bd:   89 df 4c 89 f1 41 ff 90 68 04 00 00 48 8d 05 f8
0x0000000129efa5cd:   24 03 00 48 8b 30 48 8d 05 e6 25 03 00 48 8b 10
0x0000000129efa5dd:   48 8b 0b 30 c0 48 89 df ff 91 68 04 00 00 48 8b
0x0000000129efa5ed:   03 48 89 df ff 50 78 48 85 c0 74 36 49 89 c6 48 

Register to memory mapping:

RAX=0x0000000129f2cbc0: jScreenNotifySettingsChanged+0 in /Library/Java/JavaVirtualMachines/jdk1.8.0_51.jdk/Contents/Home/jre/lib/libglass.dylib at 0x0000000129ee5000
RBX=0x0000000000000000 is an unknown value
RCX=0x0000000000000103 is an unknown value
RDX=0x00007fbdc9862930 is an unknown value
RSP=0x00007fff55a869d0 is an unknown value
RBP=0x00007fff55a869e0 is an unknown value
RSI=0x00007fbdc35237c0 is a global jni handle
RDI=0x0000000000000000 is an unknown value
R8 =0x0000000000000040 is an unknown value
R9 =0x00007fff7b5611e0: __sFX+0x1c0 in /usr/lib/system/libsystem_c.dylib at 0x00007fff949df000
R10=0xffffffffffffffff is an unknown value
R11=0x0000000000000246 is an unknown value
R12=0x00007fbdc3640170 is an unknown value
R13=0x00007fbdc3744170 is an unknown value
R14=0x00007fbdc3744230 is an unknown value
R15=0x0000000000000000 is an unknown value


Stack: [0x00007fff5528a000,0x00007fff55a8a000],  sp=0x00007fff55a869d0,  free space=8178k
Native frames: (J=compiled Java code, j=interpreted, Vv=VM code, C=native code)
C  [libglass.dylib+0x155dd]  GlassScreenDidChangeScreenParameters+0x9d
C  [CoreFoundation+0xa0b0c]  __CFNOTIFICATIONCENTER_IS_CALLING_OUT_TO_AN_OBSERVER__+0xc
C  [CoreFoundation+0xa0a9f]  ___CFXRegistrationPost_block_invoke+0x3f
C  [CoreFoundation+0xa0a17]  _CFXRegistrationPost+0x197
C  [CoreFoundation+0xa0782]  ___CFXNotificationPost_block_invoke+0x32
C  [CoreFoundation+0x5d592]  -[_CFXNotificationRegistrar find:object:observer:enumerator:]+0x782
C  [CoreFoundation+0x5c7e5]  _CFXNotificationPost+0x2b5
C  [Foundation+0x723a]  -[NSNotificationCenter postNotificationName:object:userInfo:]+0x42
C  [AppKit+0x41c08b]  -[NSApplication _reactToScreenInvalidationImmediately:]+0x17f
C  [AppKit+0x41bedc]  __44-[NSApplication _reactToScreenInvalidation:]_block_invoke+0x3b
C  [CoreFoundation+0xaa40c]  __CFRUNLOOP_IS_CALLING_OUT_TO_A_BLOCK__+0xc
C  [CoreFoundation+0x89c55]  __CFRunLoopDoBlocks+0x155
C  [CoreFoundation+0x899bb]  __CFRunLoopRun+0x92b
C  [CoreFoundation+0x88e28]  CFRunLoopRunSpecific+0x128
C  [java+0x6463]  CreateExecutionEnvironment+0x367
C  [java+0x21ac]  JLI_Launch+0x7a0
C  [java+0x84c0]  main+0x65
C  [java+0x1a04]  start+0x34


---------------  P R O C E S S  ---------------

VM state:at safepoint (normal execution)

VM Mutex/Monitor currently owned by a thread:  ([mutex/lock_event])
[0x00007fbdc3603f40] Threads_lock - owner thread: 0x00007fbdc4052800
[0x00007fbdc3604440] Heap_lock - owner thread: 0x00007fbdc5806800

Heap:
 PSYoungGen      total 1358848K, used 307291K [0x000000076ab00000, 0x00000007bee00000, 0x00000007c0000000)
  eden space 1340416K, 22% used [0x000000076ab00000,0x000000077d41ed38,0x00000007bc800000)
  from space 18432K, 16% used [0x00000007bdc00000,0x00000007bdef8000,0x00000007bee00000)
  to   space 19456K, 0% used [0x00000007bc800000,0x00000007bc800000,0x00000007bdb00000)
 ParOldGen       total 175104K, used 24643K [0x00000006c0000000, 0x00000006cab00000, 0x000000076ab00000)
  object space 175104K, 14% used [0x00000006c0000000,0x00000006c1810c40,0x00000006cab00000)
 Metaspace       used 19163K, capacity 20362K, committed 20608K, reserved 1067008K
  class space    used 2607K, capacity 2890K, committed 2944K, reserved 1048576K

Card table byte_map: [0x000000011b929000,0x000000011c12a000] byte_map_base: 0x0000000118329000

Marking Bits: (ParMarkBitMap*) 0x000000010bec27a0
 Begin Bits: [0x000000011c680000, 0x0000000120680000)
 End Bits:   [0x0000000120680000, 0x0000000124680000)

Polling page: 0x000000010a46b000

CodeCache: size=245760Kb used=13800Kb max_used=15234Kb free=231959Kb
 bounds [0x000000010c569000, 0x000000010d469000, 0x000000011b569000]
 total_blobs=4662 nmethods=4010 adapters=564
 compilation: enabled

Compilation events (10 events):
Event: 304.969 Thread 0x00007fbdc5001000 4498       1       javafx.scene.input.KeyCode::impl_getCode (5 bytes)
Event: 304.969 Thread 0x00007fbdc5001000 nmethod 4498 0x000000010cd12110 code [0x000000010cd12260, 0x000000010cd12370]
Event: 305.195 Thread 0x00007fbdc5001000 4499       3       java.util.concurrent.locks.AbstractQueuedSynchronizer::acquire (27 bytes)
Event: 305.195 Thread 0x00007fbdc5001000 nmethod 4499 0x000000010c770ad0 code [0x000000010c770c80, 0x000000010c771138]
Event: 305.203 Thread 0x00007fbdc5001000 4500       3       java.lang.reflect.Constructor::newInstance (87 bytes)
Event: 305.203 Thread 0x00007fbdc5001000 nmethod 4500 0x000000010c7867d0 code [0x000000010c7869c0, 0x000000010c7870e8]
Event: 305.204 Thread 0x00007fbdc5001000 4501       3       sun.reflect.DelegatingConstructorAccessorImpl::newInstance (9 bytes)
Event: 305.204 Thread 0x00007fbdc5001000 nmethod 4501 0x000000010c8a7050 code [0x000000010c8a71c0, 0x000000010c8a73e8]
Event: 305.204 Thread 0x00007fbdc5001000 4502       3       java.lang.invoke.DirectMethodHandle::shouldBeInitialized (123 bytes)
Event: 305.205 Thread 0x00007fbdc5001000 nmethod 4502 0x000000010c6f17d0 code [0x000000010c6f19a0, 0x000000010c6f20c8]

GC Heap History (10 events):
Event: 3.374 GC heap before
{Heap before GC invocations=8 (full 0):
 PSYoungGen      total 279040K, used 262304K [0x000000076ab00000, 0x000000078d000000, 0x00000007c0000000)
  eden space 262144K, 100% used [0x000000076ab00000,0x000000077ab00000,0x000000077ab00000)
  from space 16896K, 0% used [0x000000077ab00000,0x000000077ab28000,0x000000077bb80000)
  to   space 18944K, 0% used [0x000000078bd80000,0x000000078bd80000,0x000000078d000000)
 ParOldGen       total 175104K, used 23943K [0x00000006c0000000, 0x00000006cab00000, 0x000000076ab00000)
  object space 175104K, 13% used [0x00000006c0000000,0x00000006c1761c30,0x00000006cab00000)
 Metaspace       used 17221K, capacity 18392K, committed 18560K, reserved 1064960K
  class space    used 2439K, capacity 2677K, committed 2688K, reserved 1048576K
Event: 3.375 GC heap after
Heap after GC invocations=8 (full 0):
 PSYoungGen      total 542208K, used 384K [0x000000076ab00000, 0x000000078d200000, 0x00000007c0000000)
  eden space 523264K, 0% used [0x000000076ab00000,0x000000076ab00000,0x000000078aa00000)
  from space 18944K, 2% used [0x000000078bd80000,0x000000078bde0000,0x000000078d000000)
  to   space 19968K, 0% used [0x000000078aa00000,0x000000078aa00000,0x000000078bd80000)
 ParOldGen       total 175104K, used 24023K [0x00000006c0000000, 0x00000006cab00000, 0x000000076ab00000)
  object space 175104K, 13% used [0x00000006c0000000,0x00000006c1775c30,0x00000006cab00000)
 Metaspace       used 17221K, capacity 18392K, committed 18560K, reserved 1064960K
  class space    used 2439K, capacity 2677K, committed 2688K, reserved 1048576K
}
Event: 3.628 GC heap before
{Heap before GC invocations=9 (full 0):
 PSYoungGen      total 542208K, used 523648K [0x000000076ab00000, 0x000000078d200000, 0x00000007c0000000)
  eden space 523264K, 100% used [0x000000076ab00000,0x000000078aa00000,0x000000078aa00000)
  from space 18944K, 2% used [0x000000078bd80000,0x000000078bde0000,0x000000078d000000)
  to   space 19968K, 0% used [0x000000078aa00000,0x000000078aa00000,0x000000078bd80000)
 ParOldGen       total 175104K, used 24023K [0x00000006c0000000, 0x00000006cab00000, 0x000000076ab00000)
  object space 175104K, 13% used [0x00000006c0000000,0x00000006c1775c30,0x00000006cab00000)
 Metaspace       used 17223K, capacity 18392K, committed 18560K, reserved 1064960K
  class space    used 2439K, capacity 2677K, committed 2688K, reserved 1048576K
Event: 3.629 GC heap after
Heap after GC invocations=9 (full 0):
 PSYoungGen      total 543232K, used 416K [0x000000076ab00000, 0x00000007a0500000, 0x00000007c0000000)
  eden space 523264K, 0% used [0x000000076ab00000,0x000000076ab00000,0x000000078aa00000)
  from space 19968K, 2% used [0x000000078aa00000,0x000000078aa68000,0x000000078bd80000)
  to   space 20480K, 0% used [0x000000079f100000,0x000000079f100000,0x00000007a0500000)
 ParOldGen       total 175104K, used 24087K [0x00000006c0000000, 0x00000006cab00000, 0x000000076ab00000)
  object space 175104K, 13% used [0x00000006c0000000,0x00000006c1785c30,0x00000006cab00000)
 Metaspace       used 17223K, capacity 18392K, committed 18560K, reserved 1064960K
  class space    used 2439K, capacity 2677K, committed 2688K, reserved 1048576K
}
Event: 3.788 GC heap before
{Heap before GC invocations=10 (full 0):
 PSYoungGen      total 543232K, used 523680K [0x000000076ab00000, 0x00000007a0500000, 0x00000007c0000000)
  eden space 523264K, 100% used [0x000000076ab00000,0x000000078aa00000,0x000000078aa00000)
  from space 19968K, 2% used [0x000000078aa00000,0x000000078aa68000,0x000000078bd80000)
  to   space 20480K, 0% used [0x000000079f100000,0x000000079f100000,0x00000007a0500000)
 ParOldGen       total 175104K, used 24087K [0x00000006c0000000, 0x00000006cab00000, 0x000000076ab00000)
  object space 175104K, 13% used [0x00000006c0000000,0x00000006c1785c30,0x00000006cab00000)
 Metaspace       used 17223K, capacity 18392K, committed 18560K, reserved 1064960K
  class space    used 2439K, capacity 2677K, committed 2688K, reserved 1048576K
Event: 3.789 GC heap after
Heap after GC invocations=10 (full 0):
 PSYoungGen      total 858112K, used 320K [0x000000076ab00000, 0x00000007a0500000, 0x00000007c0000000)
  eden space 837632K, 0% used [0x000000076ab00000,0x000000076ab00000,0x000000079dd00000)
  from space 20480K, 1% used [0x000000079f100000,0x000000079f150000,0x00000007a0500000)
  to   space 20480K, 0% used [0x000000079dd00000,0x000000079dd00000,0x000000079f100000)
 ParOldGen       total 175104K, used 24303K [0x00000006c0000000, 0x00000006cab00000, 0x000000076ab00000)
  object space 175104K, 13% used [0x00000006c0000000,0x00000006c17bbc30,0x00000006cab00000)
 Metaspace       used 17223K, capacity 18392K, committed 18560K, reserved 1064960K
  class space    used 2439K, capacity 2677K, committed 2688K, reserved 1048576K
}
Event: 4.166 GC heap before
{Heap before GC invocations=11 (full 0):
 PSYoungGen      total 858112K, used 837952K [0x000000076ab00000, 0x00000007a0500000, 0x00000007c0000000)
  eden space 837632K, 100% used [0x000000076ab00000,0x000000079dd00000,0x000000079dd00000)
  from space 20480K, 1% used [0x000000079f100000,0x000000079f150000,0x00000007a0500000)
  to   space 20480K, 0% used [0x000000079dd00000,0x000000079dd00000,0x000000079f100000)
 ParOldGen       total 175104K, used 24303K [0x00000006c0000000, 0x00000006cab00000, 0x000000076ab00000)
  object space 175104K, 13% used [0x00000006c0000000,0x00000006c17bbc30,0x00000006cab00000)
 Metaspace       used 17223K, capacity 18392K, committed 18560K, reserved 1064960K
  class space    used 2439K, capacity 2677K, committed 2688K, reserved 1048576K
Event: 4.167 GC heap after
Heap after GC invocations=11 (full 0):
 PSYoungGen      total 858112K, used 192K [0x000000076ab00000, 0x00000007bf000000, 0x00000007c0000000)
  eden space 837632K, 0% used [0x000000076ab00000,0x000000076ab00000,0x000000079dd00000)
  from space 20480K, 0% used [0x000000079dd00000,0x000000079dd30000,0x000000079f100000)
  to   space 20480K, 0% used [0x00000007bdc00000,0x00000007bdc00000,0x00000007bf000000)
 ParOldGen       total 175104K, used 24487K [0x00000006c0000000, 0x00000006cab00000, 0x000000076ab00000)
  object space 175104K, 13% used [0x00000006c0000000,0x00000006c17e9c30,0x00000006cab00000)
 Metaspace       used 17223K, capacity 18392K, committed 18560K, reserved 1064960K
  class space    used 2439K, capacity 2677K, committed 2688K, reserved 1048576K
}
Event: 15.802 GC heap before
{Heap before GC invocations=12 (full 0):
 PSYoungGen      total 858112K, used 837824K [0x000000076ab00000, 0x00000007bf000000, 0x00000007c0000000)
  eden space 837632K, 100% used [0x000000076ab00000,0x000000079dd00000,0x000000079dd00000)
  from space 20480K, 0% used [0x000000079dd00000,0x000000079dd30000,0x000000079f100000)
  to   space 20480K, 0% used [0x00000007bdc00000,0x00000007bdc00000,0x00000007bf000000)
 ParOldGen       total 175104K, used 24487K [0x00000006c0000000, 0x00000006cab00000, 0x000000076ab00000)
  object space 175104K, 13% used [0x00000006c0000000,0x00000006c17e9c30,0x00000006cab00000)
 Metaspace       used 18609K, capacity 19806K, committed 19840K, reserved 1067008K
  class space    used 2455K, capacity 2688K, committed 2688K, reserved 1048576K
Event: 15.804 GC heap after
Heap after GC invocations=12 (full 0):
 PSYoungGen      total 1358848K, used 3040K [0x000000076ab00000, 0x00000007bee00000, 0x00000007c0000000)
  eden space 1340416K, 0% used [0x000000076ab00000,0x000000076ab00000,0x00000007bc800000)
  from space 18432K, 16% used [0x00000007bdc00000,0x00000007bdef8000,0x00000007bee00000)
  to   space 19456K, 0% used [0x00000007bc800000,0x00000007bc800000,0x00000007bdb00000)
 ParOldGen       total 175104K, used 24643K [0x00000006c0000000, 0x00000006cab00000, 0x000000076ab00000)
  object space 175104K, 14% used [0x00000006c0000000,0x00000006c1810c40,0x00000006cab00000)
 Metaspace       used 18609K, capacity 19806K, committed 19840K, reserved 1067008K
  class space    used 2455K, capacity 2688K, committed 2688K, reserved 1048576K
}

Deoptimization events (10 events):
Event: 15.890 Thread 0x00007fbdc58f3000 Uncommon trap: reason=class_check action=maybe_recompile pc=0x000000010d3d2ff0 method=com.sun.javafx.scene.control.skin.LabeledSkinBase.updateWrappingWidth()V @ 4
Event: 15.890 Thread 0x00007fbdc58f3000 Uncommon trap: reason=bimorphic action=maybe_recompile pc=0x000000010d3b88dc method=javafx.scene.Parent.minHeight(D)D @ 66
Event: 15.890 Thread 0x00007fbdc58f3000 Uncommon trap: reason=class_check action=maybe_recompile pc=0x000000010d3d2ff0 method=com.sun.javafx.scene.control.skin.LabeledSkinBase.updateWrappingWidth()V @ 4
Event: 15.890 Thread 0x00007fbdc58f3000 Uncommon trap: reason=class_check action=maybe_recompile pc=0x000000010d3d2ff0 method=com.sun.javafx.scene.control.skin.LabeledSkinBase.updateWrappingWidth()V @ 4
Event: 15.895 Thread 0x00007fbdc58f3000 Uncommon trap: reason=unstable_if action=reinterpret pc=0x000000010d170c6c method=com.sun.javafx.text.PrismTextLayout.initCache()V @ 4
Event: 15.896 Thread 0x00007fbdc5839800 Uncommon trap: reason=unstable_if action=reinterpret pc=0x000000010d2c6190 method=com.sun.javafx.sg.prism.NGNode.markCullRegions(Lcom/sun/javafx/geom/DirtyRegionContainer;ILcom/sun/javafx/geom/transform/BaseTransform;Lcom/sun/javafx/geom/transform/General
Event: 15.896 Thread 0x00007fbdc5839800 Uncommon trap: reason=unstable_if action=reinterpret pc=0x000000010d334b3c method=com.sun.javafx.sg.prism.NGGroup.computeRenderRoot(Lcom/sun/javafx/sg/prism/NodePath;Lcom/sun/javafx/geom/RectBounds;ILcom/sun/javafx/geom/transform/BaseTransform;Lcom/sun/ja
Event: 17.200 Thread 0x00007fbdc58f3000 Uncommon trap: reason=class_check action=maybe_recompile pc=0x000000010cb62d5c method=com.sun.javafx.css.ParsedValueImpl.hashCode()I @ 226
Event: 18.170 Thread 0x00007fbdc5839800 Uncommon trap: reason=unstable_if action=reinterpret pc=0x000000010d30d5b8 method=com.sun.prism.es2.ES2Shader.setConstant(Ljava/lang/String;F)V @ 48
Event: 124.040 Thread 0x00007fbdc58f3000 Uncommon trap: reason=unstable_if action=reinterpret pc=0x000000010d33ab3c method=javafx.scene.Node.contains(DD)Z @ 22

Internal exceptions (10 events):
Event: 0.570 Thread 0x00007fbdc58f3000 Exception <a 'java/lang/ArrayIndexOutOfBoundsException'> (0x000000076c19b840) thrown at [/Users/java_re/workspace/8-2-build-macosx-x86_64/jdk8u51/3951/hotspot/src/share/vm/runtime/sharedRuntime.cpp, line 605]
Event: 0.650 Thread 0x00007fbdc58f3000 Exception <a 'java/lang/ArrayIndexOutOfBoundsException'> (0x000000076c8d7050) thrown at [/Users/java_re/workspace/8-2-build-macosx-x86_64/jdk8u51/3951/hotspot/src/share/vm/runtime/sharedRuntime.cpp, line 605]
Event: 0.693 Thread 0x00007fbdc58f3000 Implicit null exception at 0x000000010c8a4135 to 0x000000010c8a4371
Event: 0.696 Thread 0x00007fbdc58f3000 Implicit null exception at 0x000000010c83876f to 0x000000010c8387d9
Event: 0.756 Thread 0x00007fbdc58f3000 Exception <a 'java/io/FileNotFoundException'> (0x000000076cdcb170) thrown at [/Users/java_re/workspace/8-2-build-macosx-x86_64/jdk8u51/3951/hotspot/src/share/vm/prims/jni.cpp, line 709]
Event: 1.797 Thread 0x00007fbdc58f3000 Implicit null exception at 0x000000010cb0a94c to 0x000000010cb0fea1
Event: 1.797 Thread 0x00007fbdc58f3000 Implicit null exception at 0x000000010caa7200 to 0x000000010caa8e59
Event: 5.635 Thread 0x00007fbdc5839800 Implicit null exception at 0x000000010ced3f5d to 0x000000010ced474d
Event: 13.050 Thread 0x00007fbdc58f3000 Implicit null exception at 0x000000010d27c613 to 0x000000010d27c6a9
Event: 15.895 Thread 0x00007fbdc58f3000 Implicit null exception at 0x000000010d170173 to 0x000000010d170c59

Events (10 events):
Event: 305.205 Thread 0x00007fbdc58f3000 Thread exited: 0x00007fbdc58f3000
Event: 305.205 Thread 0x00007fbdc5806800 Thread exited: 0x00007fbdc5806800
Event: 305.205 Thread 0x00007fbdc5806800 Thread added: 0x00007fbdc5806800
Event: 305.205 loading class java/util/IdentityHashMap$KeySet
Event: 305.205 loading class java/util/IdentityHashMap$KeySet done
Event: 305.205 loading class java/util/IdentityHashMap$KeyIterator
Event: 305.205 loading class java/util/IdentityHashMap$IdentityHashMapIterator
Event: 305.205 loading class java/util/IdentityHashMap$IdentityHashMapIterator done
Event: 305.205 loading class java/util/IdentityHashMap$KeyIterator done
Event: 305.205 Thread 0x00007fbdc5806800 Thread exited: 0x00007fbdc5806800


Dynamic libraries:
0x000000000900d000 	/System/Library/Frameworks/Cocoa.framework/Versions/A/Cocoa
0x000000000900d000 	/System/Library/Frameworks/Security.framework/Versions/A/Security
0x000000000900d000 	/System/Library/Frameworks/ApplicationServices.framework/Versions/A/ApplicationServices
0x000000000900d000 	/usr/lib/libz.1.dylib
0x000000000900d000 	/usr/lib/libSystem.B.dylib
0x000000000900d000 	/usr/lib/libobjc.A.dylib
0x000000000900d000 	/System/Library/Frameworks/CoreFoundation.framework/Versions/A/CoreFoundation
0x000000000900d000 	/System/Library/Frameworks/Foundation.framework/Versions/C/Foundation
0x000000000900d000 	/System/Library/Frameworks/AppKit.framework/Versions/C/AppKit
0x000000000900d000 	/System/Library/Frameworks/CoreData.framework/Versions/A/CoreData
0x000000000900d000 	/System/Library/PrivateFrameworks/RemoteViewServices.framework/Versions/A/RemoteViewServices
0x000000000900d000 	/System/Library/PrivateFrameworks/UIFoundation.framework/Versions/A/UIFoundation
0x000000000900d000 	/usr/lib/libScreenReader.dylib
0x000000000900d000 	/System/Library/Frameworks/Accelerate.framework/Versions/A/Accelerate
0x000000000900d000 	/System/Library/Frameworks/IOSurface.framework/Versions/A/IOSurface
0x000000000900d000 	/System/Library/Frameworks/AudioToolbox.framework/Versions/A/AudioToolbox
0x000000000900d000 	/System/Library/Frameworks/AudioUnit.framework/Versions/A/AudioUnit
0x000000000900d000 	/System/Library/PrivateFrameworks/DataDetectorsCore.framework/Versions/A/DataDetectorsCore
0x000000000900d000 	/System/Library/PrivateFrameworks/DesktopServicesPriv.framework/Versions/A/DesktopServicesPriv
0x000000000900d000 	/System/Library/Frameworks/Carbon.framework/Versions/A/Frameworks/HIToolbox.framework/Versions/A/HIToolbox
0x000000000900d000 	/System/Library/Frameworks/QuartzCore.framework/Versions/A/QuartzCore
0x000000000900d000 	/System/Library/Frameworks/Carbon.framework/Versions/A/Frameworks/SpeechRecognition.framework/Versions/A/SpeechRecognition
0x000000000900d000 	/usr/lib/libauto.dylib
0x000000000900d000 	/usr/lib/libicucore.A.dylib
0x000000000900d000 	/usr/lib/libxml2.2.dylib
0x000000000900d000 	/System/Library/PrivateFrameworks/CoreUI.framework/Versions/A/CoreUI
0x000000000900d000 	/System/Library/Frameworks/CoreAudio.framework/Versions/A/CoreAudio
0x000000000900d000 	/System/Library/Frameworks/DiskArbitration.framework/Versions/A/DiskArbitration
0x000000000900d000 	/usr/lib/liblangid.dylib
0x000000000900d000 	/System/Library/PrivateFrameworks/MultitouchSupport.framework/Versions/A/MultitouchSupport
0x000000000900d000 	/System/Library/Frameworks/IOKit.framework/Versions/A/IOKit
0x000000000900d000 	/usr/lib/libDiagnosticMessagesClient.dylib
0x000000000900d000 	/System/Library/Frameworks/CoreServices.framework/Versions/A/CoreServices
0x000000000900d000 	/System/Library/PrivateFrameworks/PerformanceAnalysis.framework/Versions/A/PerformanceAnalysis
0x000000000900d000 	/System/Library/PrivateFrameworks/GenerationalStorage.framework/Versions/A/GenerationalStorage
0x000000000900d000 	/System/Library/Frameworks/OpenGL.framework/Versions/A/OpenGL
0x000000000900d000 	/System/Library/PrivateFrameworks/Sharing.framework/Versions/A/Sharing
0x000000000900d000 	/System/Library/Frameworks/CoreGraphics.framework/Versions/A/CoreGraphics
0x000000000900d000 	/System/Library/Frameworks/CoreImage.framework/Versions/A/CoreImage
0x000000000900d000 	/System/Library/Frameworks/CoreText.framework/Versions/A/CoreText
0x000000000900d000 	/System/Library/Frameworks/ImageIO.framework/Versions/A/ImageIO
0x000000000900d000 	/System/Library/PrivateFrameworks/Backup.framework/Versions/A/Backup
0x000000000900d000 	/usr/lib/libextension.dylib
0x000000000900d000 	/usr/lib/libarchive.2.dylib
0x000000000900d000 	/System/Library/Frameworks/CFNetwork.framework/Versions/A/CFNetwork
0x000000000900d000 	/System/Library/Frameworks/SystemConfiguration.framework/Versions/A/SystemConfiguration
0x000000000900d000 	/usr/lib/libCRFSuite.dylib
0x000000000900d000 	/usr/lib/libc++.1.dylib
0x000000000900d000 	/usr/lib/libc++abi.dylib
0x000000000900d000 	/usr/lib/system/libcache.dylib
0x000000000900d000 	/usr/lib/system/libcommonCrypto.dylib
0x000000000900d000 	/usr/lib/system/libcompiler_rt.dylib
0x000000000900d000 	/usr/lib/system/libcopyfile.dylib
0x000000000900d000 	/usr/lib/system/libcorecrypto.dylib
0x000000000900d000 	/usr/lib/system/libdispatch.dylib
0x000000000900d000 	/usr/lib/system/libdyld.dylib
0x000000000900d000 	/usr/lib/system/libkeymgr.dylib
0x000000000900d000 	/usr/lib/system/liblaunch.dylib
0x000000000900d000 	/usr/lib/system/libmacho.dylib
0x000000000900d000 	/usr/lib/system/libquarantine.dylib
0x000000000900d000 	/usr/lib/system/libremovefile.dylib
0x000000000900d000 	/usr/lib/system/libsystem_asl.dylib
0x000000000900d000 	/usr/lib/system/libsystem_blocks.dylib
0x000000000900d000 	/usr/lib/system/libsystem_c.dylib
0x000000000900d000 	/usr/lib/system/libsystem_configuration.dylib
0x000000000900d000 	/usr/lib/system/libsystem_coreservices.dylib
0x000000000900d000 	/usr/lib/system/libsystem_coretls.dylib
0x000000000900d000 	/usr/lib/system/libsystem_dnssd.dylib
0x000000000900d000 	/usr/lib/system/libsystem_info.dylib
0x000000000900d000 	/usr/lib/system/libsystem_kernel.dylib
0x000000000900d000 	/usr/lib/system/libsystem_m.dylib
0x000000000900d000 	/usr/lib/system/libsystem_malloc.dylib
0x000000000900d000 	/usr/lib/system/libsystem_network.dylib
0x000000000900d000 	/usr/lib/system/libsystem_networkextension.dylib
0x000000000900d000 	/usr/lib/system/libsystem_notify.dylib
0x000000000900d000 	/usr/lib/system/libsystem_platform.dylib
0x000000000900d000 	/usr/lib/system/libsystem_pthread.dylib
0x000000000900d000 	/usr/lib/system/libsystem_sandbox.dylib
0x000000000900d000 	/usr/lib/system/libsystem_secinit.dylib
0x000000000900d000 	/usr/lib/system/libsystem_trace.dylib
0x000000000900d000 	/usr/lib/system/libunc.dylib
0x000000000900d000 	/usr/lib/system/libunwind.dylib
0x000000000900d000 	/usr/lib/system/libxpc.dylib
0x000000000900d000 	/usr/lib/libenergytrace.dylib
0x000000000900d000 	/usr/lib/libbsm.0.dylib
0x000000000900d000 	/usr/lib/system/libkxld.dylib
0x000000000900d000 	/usr/lib/libxar.1.dylib
0x000000000900d000 	/usr/lib/libsqlite3.dylib
0x000000000900d000 	/usr/lib/libpam.2.dylib
0x000000000900d000 	/usr/lib/libOpenScriptingUtil.dylib
0x000000000900d000 	/usr/lib/libbz2.1.0.dylib
0x000000000900d000 	/usr/lib/liblzma.5.dylib
0x000000000900d000 	/System/Library/Frameworks/CoreServices.framework/Versions/A/Frameworks/FSEvents.framework/Versions/A/FSEvents
0x000000000900d000 	/System/Library/Frameworks/CoreServices.framework/Versions/A/Frameworks/CarbonCore.framework/Versions/A/CarbonCore
0x000000000900d000 	/System/Library/Frameworks/CoreServices.framework/Versions/A/Frameworks/Metadata.framework/Versions/A/Metadata
0x000000000900d000 	/System/Library/Frameworks/CoreServices.framework/Versions/A/Frameworks/OSServices.framework/Versions/A/OSServices
0x000000000900d000 	/System/Library/Frameworks/CoreServices.framework/Versions/A/Frameworks/SearchKit.framework/Versions/A/SearchKit
0x000000000900d000 	/System/Library/Frameworks/CoreServices.framework/Versions/A/Frameworks/AE.framework/Versions/A/AE
0x000000000900d000 	/System/Library/Frameworks/CoreServices.framework/Versions/A/Frameworks/LaunchServices.framework/Versions/A/LaunchServices
0x000000000900d000 	/System/Library/Frameworks/CoreServices.framework/Versions/A/Frameworks/DictionaryServices.framework/Versions/A/DictionaryServices
0x000000000900d000 	/System/Library/Frameworks/CoreServices.framework/Versions/A/Frameworks/SharedFileList.framework/Versions/A/SharedFileList
0x000000000900d000 	/System/Library/Frameworks/NetFS.framework/Versions/A/NetFS
0x000000000900d000 	/System/Library/PrivateFrameworks/NetAuth.framework/Versions/A/NetAuth
0x000000000900d000 	/System/Library/PrivateFrameworks/login.framework/Versions/A/Frameworks/loginsupport.framework/Versions/A/loginsupport
0x000000000900d000 	/System/Library/PrivateFrameworks/TCC.framework/Versions/A/TCC
0x000000000900d000 	/usr/lib/libmecabra.dylib
0x000000000900d000 	/System/Library/Frameworks/ApplicationServices.framework/Versions/A/Frameworks/ATS.framework/Versions/A/ATS
0x000000000900d000 	/System/Library/Frameworks/ApplicationServices.framework/Versions/A/Frameworks/ColorSync.framework/Versions/A/ColorSync
0x000000000900d000 	/System/Library/Frameworks/ApplicationServices.framework/Versions/A/Frameworks/HIServices.framework/Versions/A/HIServices
0x000000000900d000 	/System/Library/Frameworks/ApplicationServices.framework/Versions/A/Frameworks/LangAnalysis.framework/Versions/A/LangAnalysis
0x000000000900d000 	/System/Library/Frameworks/ApplicationServices.framework/Versions/A/Frameworks/PrintCore.framework/Versions/A/PrintCore
0x000000000900d000 	/System/Library/Frameworks/ApplicationServices.framework/Versions/A/Frameworks/QD.framework/Versions/A/QD
0x000000000900d000 	/System/Library/Frameworks/ApplicationServices.framework/Versions/A/Frameworks/SpeechSynthesis.framework/Versions/A/SpeechSynthesis
0x000000000900d000 	/System/Library/Frameworks/Metal.framework/Versions/A/Metal
0x000000000900d000 	/System/Library/Frameworks/Accelerate.framework/Versions/A/Frameworks/vImage.framework/Versions/A/vImage
0x000000000900d000 	/System/Library/Frameworks/Accelerate.framework/Versions/A/Frameworks/vecLib.framework/Versions/A/vecLib
0x000000000900d000 	/System/Library/Frameworks/Accelerate.framework/Versions/A/Frameworks/vecLib.framework/Versions/A/libvDSP.dylib
0x000000000900d000 	/System/Library/Frameworks/Accelerate.framework/Versions/A/Frameworks/vecLib.framework/Versions/A/libvMisc.dylib
0x000000000900d000 	/System/Library/Frameworks/Accelerate.framework/Versions/A/Frameworks/vecLib.framework/Versions/A/libLAPACK.dylib
0x000000000900d000 	/System/Library/Frameworks/Accelerate.framework/Versions/A/Frameworks/vecLib.framework/Versions/A/libBLAS.dylib
0x000000000900d000 	/System/Library/Frameworks/Accelerate.framework/Versions/A/Frameworks/vecLib.framework/Versions/A/libLinearAlgebra.dylib
0x000000000900d000 	/System/Library/Frameworks/Accelerate.framework/Versions/A/Frameworks/vecLib.framework/Versions/A/libSparseBLAS.dylib
0x000000000900d000 	/System/Library/PrivateFrameworks/GPUCompiler.framework/libmetal_timestamp.dylib
0x000000000900d000 	/System/Library/Frameworks/OpenGL.framework/Versions/A/Libraries/libCoreFSCache.dylib
0x000000000900d000 	/System/Library/PrivateFrameworks/IOAccelerator.framework/Versions/A/IOAccelerator
0x000000000900d000 	/System/Library/Frameworks/ApplicationServices.framework/Versions/A/Frameworks/ATS.framework/Versions/A/Resources/libFontParser.dylib
0x000000000900d000 	/System/Library/Frameworks/ApplicationServices.framework/Versions/A/Frameworks/ATS.framework/Versions/A/Resources/libFontRegistry.dylib
0x000000000900d000 	/System/Library/PrivateFrameworks/AppleVPA.framework/Versions/A/AppleVPA
0x000000000900d000 	/System/Library/PrivateFrameworks/AppleJPEG.framework/Versions/A/AppleJPEG
0x000000000900d000 	/System/Library/Frameworks/ImageIO.framework/Versions/A/Resources/libJPEG.dylib
0x000000000900d000 	/System/Library/Frameworks/ImageIO.framework/Versions/A/Resources/libTIFF.dylib
0x000000000900d000 	/System/Library/Frameworks/ImageIO.framework/Versions/A/Resources/libPng.dylib
0x000000000900d000 	/System/Library/Frameworks/ImageIO.framework/Versions/A/Resources/libGIF.dylib
0x000000000900d000 	/System/Library/Frameworks/ImageIO.framework/Versions/A/Resources/libJP2.dylib
0x000000000900d000 	/System/Library/Frameworks/ImageIO.framework/Versions/A/Resources/libRadiance.dylib
0x000000000900d000 	/System/Library/Frameworks/CoreVideo.framework/Versions/A/CoreVideo
0x000000000900d000 	/System/Library/Frameworks/OpenGL.framework/Versions/A/Libraries/libGLU.dylib
0x000000000900d000 	/System/Library/Frameworks/OpenGL.framework/Versions/A/Libraries/libGFXShared.dylib
0x000000000900d000 	/System/Library/Frameworks/OpenGL.framework/Versions/A/Libraries/libGL.dylib
0x000000000900d000 	/System/Library/Frameworks/OpenGL.framework/Versions/A/Libraries/libGLImage.dylib
0x000000000900d000 	/System/Library/Frameworks/OpenGL.framework/Versions/A/Libraries/libCVMSPluginSupport.dylib
0x000000000900d000 	/System/Library/Frameworks/OpenGL.framework/Versions/A/Libraries/libCoreVMClient.dylib
0x000000000900d000 	/usr/lib/libcompression.dylib
0x000000000900d000 	/usr/lib/libcups.2.dylib
0x000000000900d000 	/System/Library/Frameworks/Kerberos.framework/Versions/A/Kerberos
0x000000000900d000 	/System/Library/Frameworks/GSS.framework/Versions/A/GSS
0x000000000900d000 	/usr/lib/libresolv.9.dylib
0x000000000900d000 	/usr/lib/libiconv.2.dylib
0x000000000900d000 	/System/Library/PrivateFrameworks/Heimdal.framework/Versions/A/Heimdal
0x000000000900d000 	/usr/lib/libheimdal-asn1.dylib
0x000000000900d000 	/System/Library/Frameworks/OpenDirectory.framework/Versions/A/OpenDirectory
0x000000000900d000 	/System/Library/PrivateFrameworks/CommonAuth.framework/Versions/A/CommonAuth
0x000000000900d000 	/System/Library/Frameworks/OpenDirectory.framework/Versions/A/Frameworks/CFOpenDirectory.framework/Versions/A/CFOpenDirectory
0x000000000900d000 	/System/Library/Frameworks/SecurityFoundation.framework/Versions/A/SecurityFoundation
0x000000000900d000 	/System/Library/PrivateFrameworks/LanguageModeling.framework/Versions/A/LanguageModeling
0x000000000900d000 	/usr/lib/libmarisa.dylib
0x000000000900d000 	/usr/lib/libChineseTokenizer.dylib
0x000000000900d000 	/usr/lib/libcmph.dylib
0x000000000900d000 	/System/Library/Frameworks/ServiceManagement.framework/Versions/A/ServiceManagement
0x000000000900d000 	/usr/lib/libxslt.1.dylib
0x000000000900d000 	/System/Library/Frameworks/Carbon.framework/Versions/A/Frameworks/Ink.framework/Versions/A/Ink
0x000000000900d000 	/usr/lib/libFosl_dynamic.dylib
0x000000000900d000 	/System/Library/PrivateFrameworks/FaceCore.framework/Versions/A/FaceCore
0x000000000900d000 	/System/Library/Frameworks/OpenCL.framework/Versions/A/OpenCL
0x000000000900d000 	/System/Library/PrivateFrameworks/CrashReporterSupport.framework/Versions/A/CrashReporterSupport
0x000000000900d000 	/System/Library/PrivateFrameworks/IconServices.framework/Versions/A/IconServices
0x000000000900d000 	/System/Library/PrivateFrameworks/Apple80211.framework/Versions/A/Apple80211
0x000000000900d000 	/System/Library/Frameworks/CoreWLAN.framework/Versions/A/CoreWLAN
0x000000000900d000 	/System/Library/Frameworks/IOBluetooth.framework/Versions/A/IOBluetooth
0x000000000900d000 	/System/Library/PrivateFrameworks/CoreWiFi.framework/Versions/A/CoreWiFi
0x000000000900d000 	/System/Library/Frameworks/CoreBluetooth.framework/Versions/A/CoreBluetooth
0x000000000900d000 	/System/Library/PrivateFrameworks/ChunkingLibrary.framework/Versions/A/ChunkingLibrary
0x000000000900d000 	/System/Library/PrivateFrameworks/DebugSymbols.framework/Versions/A/DebugSymbols
0x000000000900d000 	/System/Library/PrivateFrameworks/CoreSymbolication.framework/Versions/A/CoreSymbolication
0x000000000900d000 	/System/Library/PrivateFrameworks/Symbolication.framework/Versions/A/Symbolication
0x000000000900d000 	/System/Library/PrivateFrameworks/SpeechRecognitionCore.framework/Versions/A/SpeechRecognitionCore
0x000000010b600000 	/Library/Java/JavaVirtualMachines/jdk1.8.0_51.jdk/Contents/Home/jre/lib/server/libjvm.dylib
0x000000000900d000 	/usr/lib/libstdc++.6.dylib
0x000000010a428000 	/Library/Java/JavaVirtualMachines/jdk1.8.0_51.jdk/Contents/Home/jre/lib/libverify.dylib
0x000000010a436000 	/Library/Java/JavaVirtualMachines/jdk1.8.0_51.jdk/Contents/Home/jre/lib/libjava.dylib
0x000000010a475000 	/Library/Java/JavaVirtualMachines/jdk1.8.0_51.jdk/Contents/Home/jre/lib/libzip.dylib
0x0000000127485000 	/System/Library/Frameworks/JavaVM.framework/Frameworks/JavaRuntimeSupport.framework/JavaRuntimeSupport
0x00000001274a0000 	/System/Library/Frameworks/JavaVM.framework/Versions/A/Frameworks/JavaNativeFoundation.framework/Versions/A/JavaNativeFoundation
0x000000010a5f0000 	/System/Library/Frameworks/JavaVM.framework/Versions/A/JavaVM
0x000000000900d000 	/System/Library/Frameworks/Carbon.framework/Versions/A/Carbon
0x00000001274b5000 	/System/Library/PrivateFrameworks/JavaLaunching.framework/Versions/A/JavaLaunching
0x000000000900d000 	/System/Library/Frameworks/Carbon.framework/Versions/A/Frameworks/CommonPanels.framework/Versions/A/CommonPanels
0x000000000900d000 	/System/Library/Frameworks/Carbon.framework/Versions/A/Frameworks/Help.framework/Versions/A/Help
0x000000000900d000 	/System/Library/Frameworks/Carbon.framework/Versions/A/Frameworks/ImageCapture.framework/Versions/A/ImageCapture
0x000000000900d000 	/System/Library/Frameworks/Carbon.framework/Versions/A/Frameworks/OpenScripting.framework/Versions/A/OpenScripting
0x000000000900d000 	/System/Library/Frameworks/Carbon.framework/Versions/A/Frameworks/Print.framework/Versions/A/Print
0x000000000900d000 	/System/Library/Frameworks/Carbon.framework/Versions/A/Frameworks/SecurityHI.framework/Versions/A/SecurityHI
0x0000000128e6e000 	/Library/Java/JavaVirtualMachines/jdk1.8.0_51.jdk/Contents/Home/jre/lib/libprism_es2.dylib
0x0000000128ef0000 	/System/Library/Frameworks/OpenGL.framework/Resources/GLEngine.bundle/GLEngine
0x000000000900d000 	/System/Library/Frameworks/OpenGL.framework/Versions/A/Libraries/libGLProgrammability.dylib
0x00000001290d8000 	/System/Library/Extensions/AppleIntelHD5000GraphicsGLDriver.bundle/Contents/MacOS/AppleIntelHD5000GraphicsGLDriver
0x000000000900d000 	/System/Library/PrivateFrameworks/GPUSupport.framework/Versions/A/Libraries/libGPUSupportMercury.dylib
0x000000012982b000 	/System/Library/Extensions/AMDRadeonX4000GLDriver.bundle/Contents/MacOS/AMDRadeonX4000GLDriver
0x00000001298f7000 	/System/Library/Extensions/AMDRadeonX4000GLDriver.bundle/Contents/MacOS/ATIRadeonX4000SCLib.dylib
0x0000000129e5e000 	/System/Library/Frameworks/OpenGL.framework/Resources//GLRendererFloat.bundle/GLRendererFloat
0x000000000900d000 	/System/Library/Frameworks/OpenCL.framework/Versions/A/Libraries/libcldcpuengine.dylib
0x000000000900d000 	/System/Library/PrivateFrameworks/DiskImages.framework/Versions/A/DiskImages
0x000000000900d000 	/System/Library/Frameworks/DiscRecording.framework/Versions/A/DiscRecording
0x000000000900d000 	/usr/lib/libcsfde.dylib
0x000000000900d000 	/usr/lib/libcurl.4.dylib
0x000000000900d000 	/System/Library/PrivateFrameworks/MediaKit.framework/Versions/A/MediaKit
0x000000000900d000 	/System/Library/PrivateFrameworks/ProtectedCloudStorage.framework/Versions/A/ProtectedCloudStorage
0x000000000900d000 	/usr/lib/libCoreStorage.dylib
0x000000000900d000 	/System/Library/PrivateFrameworks/EFILogin.framework/Versions/A/EFILogin
0x000000000900d000 	/usr/lib/libutil.dylib
0x000000000900d000 	/System/Library/PrivateFrameworks/FindMyDevice.framework/Versions/A/FindMyDevice
0x000000000900d000 	/System/Library/Frameworks/LDAP.framework/Versions/A/LDAP
0x000000000900d000 	/usr/lib/libsasl2.2.dylib
0x000000000900d000 	/System/Library/PrivateFrameworks/CoreDaemon.framework/Versions/B/CoreDaemon
0x000000000900d000 	/usr/lib/libcrypto.0.9.8.dylib
0x000000000900d000 	/System/Library/PrivateFrameworks/AppleSRP.framework/Versions/A/AppleSRP
0x000000000900d000 	/System/Library/PrivateFrameworks/TrustEvaluationAgent.framework/Versions/A/TrustEvaluationAgent
0x0000000129ee5000 	/Library/Java/JavaVirtualMachines/jdk1.8.0_51.jdk/Contents/Home/jre/lib/libglass.dylib
0x000000000900d000 	/System/Library/PrivateFrameworks/CoreServicesInternal.framework/Versions/A/CoreServicesInternal
0x000000000900d000 	/System/Library/CoreServices/RawCamera.bundle/Contents/MacOS/RawCamera
0x000000000900d000 	/System/Library/Frameworks/CoreGraphics.framework/Versions/A/Resources/libRIP.A.dylib
0x000000000900d000 	/System/Library/Frameworks/Accelerate.framework/Versions/A/Frameworks/vImage.framework/Versions/A/Libraries/libCGInterfaces.dylib
0x000000000900d000 	/System/Library/PrivateFrameworks/FamilyControls.framework/Versions/A/FamilyControls
0x000000000900d000 	/System/Library/PrivateFrameworks/CommerceKit.framework/Versions/A/Frameworks/CommerceCore.framework/Versions/A/CommerceCore
0x000000000900d000 	/System/Library/PrivateFrameworks/SystemAdministration.framework/Versions/A/SystemAdministration
0x000000000900d000 	/System/Library/PrivateFrameworks/AppContainer.framework/Versions/A/AppContainer
0x000000000900d000 	/System/Library/PrivateFrameworks/SecCodeWrapper.framework/Versions/A/SecCodeWrapper
0x000000000900d000 	/System/Library/Frameworks/DirectoryService.framework/Versions/A/DirectoryService
0x000000000900d000 	/System/Library/PrivateFrameworks/LoginUIKit.framework/Versions/A/Frameworks/LoginUICore.framework/Versions/A/LoginUICore
0x000000000900d000 	/usr/lib/libodfde.dylib
0x000000012aaa8000 	/Library/Java/JavaVirtualMachines/jdk1.8.0_51.jdk/Contents/Home/jre/lib/libjavafx_font.dylib
0x000000000900d000 	/System/Library/Frameworks/CoreGraphics.framework/Versions/A/Resources/libCGXType.A.dylib
0x000000012d4f9000 	cl_kernels
0x000000000900d000 	/System/Library/Frameworks/OpenCL.framework/Versions/A/Libraries/ImageFormats/unorm8_bgra.dylib
0x000000000900d000 	/System/Library/Frameworks/OpenCL.framework/Versions/A/Libraries/ImageFormats/unorm8_rgba.dylib
0x000000012d497000 	/Library/Java/JavaVirtualMachines/jdk1.8.0_51.jdk/Contents/Home/jre/lib/libprism_common.dylib
0x000000012e526000 	/System/Library/Extensions/AMDMTLBronzeDriver.bundle/Contents/MacOS/AMDMTLBronzeDriver
0x000000000900d000 	/System/Library/PrivateFrameworks/IOAccelMemoryInfo.framework/Versions/A/IOAccelMemoryInfo
0x0000000131af4000 	/System/Library/Extensions/AppleIntelHD5000GraphicsMTLDriver.bundle/Contents/MacOS/AppleIntelHD5000GraphicsMTLDriver

VM Arguments:
jvm_args: -Dfile.encoding=UTF-8 
java_command: /Users/dnbostw/NetBeansProjects/TreeClimber/dist/run1925288965/TreeClimber.jar
java_class_path (initial): /Users/dnbostw/NetBeansProjects/TreeClimber/dist/run1925288965/TreeClimber.jar
Launcher Type: SUN_STANDARD

Environment Variables:
PATH=/usr/bin:/bin:/usr/sbin:/sbin
LD_LIBRARY_PATH=/Library/Java/JavaVirtualMachines/jdk1.8.0_51.jdk/Contents/Home/jre/lib/amd64:/Library/Java/JavaVirtualMachines/jdk1.8.0_51.jdk/Contents/Home/jre/lib/i386:
SHELL=/bin/bash

Signal Handlers:
SIGSEGV: [libjvm.dylib+0x58ef35], sa_mask[0]=11111111011111110111111111111111, sa_flags=SA_ONSTACK|SA_RESTART|SA_SIGINFO
SIGBUS: [libjvm.dylib+0x58ef35], sa_mask[0]=11111111011111110111111111111111, sa_flags=SA_RESTART|SA_SIGINFO
SIGFPE: [libjvm.dylib+0x46c028], sa_mask[0]=11111111011111110111111111111111, sa_flags=SA_RESTART|SA_SIGINFO
SIGPIPE: [libjvm.dylib+0x46c028], sa_mask[0]=11111111011111110111111111111111, sa_flags=SA_RESTART|SA_SIGINFO
SIGXFSZ: [libjvm.dylib+0x46c028], sa_mask[0]=11111111011111110111111111111111, sa_flags=SA_RESTART|SA_SIGINFO
SIGILL: [libjvm.dylib+0x46c028], sa_mask[0]=11111111011111110111111111111111, sa_flags=SA_RESTART|SA_SIGINFO
SIGUSR1: SIG_DFL, sa_mask[0]=00000000000000000000000000000000, sa_flags=none
SIGUSR2: [libjvm.dylib+0x46bb46], sa_mask[0]=00100000000000000000000000000000, sa_flags=SA_RESTART|SA_SIGINFO
SIGHUP: [libjvm.dylib+0x46a119], sa_mask[0]=11111111011111110111111111111111, sa_flags=SA_RESTART|SA_SIGINFO
SIGINT: SIG_IGN, sa_mask[0]=00000000000000000000000000000000, sa_flags=none
SIGTERM: [libjvm.dylib+0x46a119], sa_mask[0]=11111111011111110111111111111111, sa_flags=SA_RESTART|SA_SIGINFO
SIGQUIT: [libjvm.dylib+0x46a119], sa_mask[0]=11111111011111110111111111111111, sa_flags=SA_RESTART|SA_SIGINFO


---------------  S Y S T E M  ---------------

OS:Bsduname:Darwin 15.6.0 Darwin Kernel Version 15.6.0: Tue Apr 11 16:00:51 PDT 2017; root:xnu-3248.60.11.5.3~1/RELEASE_X86_64 x86_64
rlimit: STACK 8192k, CORE 0k, NPROC 709, NOFILE 10240, AS infinity
load average:2.75 2.14 1.88

CPU:total 8 (4 cores per cpu, 2 threads per core) family 6 model 70 stepping 1, cmov, cx8, fxsr, mmx, sse, sse2, sse3, ssse3, sse4.1, sse4.2, popcnt, avx, avx2, aes, clmul, erms, lzcnt, ht, tsc, tscinvbit, bmi1, bmi2

Memory: 4k page, physical 16777216k(1877808k free)

/proc/meminfo:


vm_info: Java HotSpot(TM) 64-Bit Server VM (25.51-b03) for bsd-amd64 JRE (1.8.0_51-b16), built on Jun  8 2015 18:01:11 by "java_re" with gcc 4.2.1 (Based on Apple Inc. build 5658) (LLVM build 2336.11.00)

time: Mon Aug 14 19:14:05 2017
elapsed time: 305 seconds (0d 0h 5m 5s)

