#
# A fatal error has been detected by the Java Runtime Environment:
#
#  SIGSEGV (0xb) at pc=0x0000000129da45dd, pid=6542, tid=2571
#
# JRE version: Java(TM) SE Runtime Environment (8.0_51-b16) (build 1.8.0_51-b16)
# Java VM: Java HotSpot(TM) 64-Bit Server VM (25.51-b03 mixed mode bsd-amd64 compressed oops)
# Problematic frame:
# C  [libglass.dylib+0x155dd]  GlassScreenDidChangeScreenParameters+0x9d
#
# Failed to write core dump. Core dumps have been disabled. To enable core dumping, try "ulimit -c unlimited" before starting Java again
#
# If you would like to submit a bug report, please visit:
#   http://bugreport.java.com/bugreport/crash.jsp
#

---------------  T H R E A D  ---------------

Current thread is native thread

siginfo: si_signo: 11 (SIGSEGV), si_code: 1 (SEGV_MAPERR), si_addr: 0x0000000000000000

Registers:
RAX=0x0000000129dd6bc0, RBX=0x0000000000000000, RCX=0x0000000000000103, RDX=0x00007fa01b63fe60
RSP=0x00007fff55bdd9d0, RBP=0x00007fff55bdd9e0, RSI=0x00007fa018e0e4c0, RDI=0x0000000000000000
R8 =0x0000000000000040, R9 =0x00007fff7b5611e0, R10=0xffffffffffffffff, R11=0x0000000000000246
R12=0x00007fa01b629820, R13=0x00007fa018d73fa0, R14=0x00007fa018d73fe0, R15=0x0000000000000000
RIP=0x0000000129da45dd, EFLAGS=0x0000000000010206, ERR=0x0000000000000004
  TRAPNO=0x000000000000000e

Top of Stack: (sp=0x00007fff55bdd9d0)
0x00007fff55bdd9d0:   00007fff55bdda28 00007fa018d73fe0
0x00007fff55bdd9e0:   00007fff55bdd9f0 00007fff90c4db0c
0x00007fff55bdd9f0:   00007fff55bdda10 00007fff90c4da9f
0x00007fff55bdda00:   0000000000000000 0000000000000000
0x00007fff55bdda10:   00007fff55bdda80 00007fff90c4da17
0x00007fff55bdda20:   00007fff7add49d0 00007fff7c4db0a0
0x00007fff55bdda30:   0000000042000000 00007fff90c4da60
0x00007fff55bdda40:   00007fff7a1a2720 00007fa018d73fa0
0x00007fff55bdda50:   00007fa01b629820 00007fff55bde228
0x00007fff55bdda60:   00007fff7a2cf780 00007fff55bde228
0x00007fff55bdda70:   00007fa018d73fa0 00007fff9100d9df
0x00007fff55bdda80:   00007fff55bddac0 00007fff90c4d782
0x00007fff55bdda90:   00007fff55bde0a0 0000000000000000
0x00007fff55bddaa0:   00007fff7a2cf780 00007fff55bde228
0x00007fff55bddab0:   00007fff8d7fd4c0 00007fff9100d9df
0x00007fff55bddac0:   00007fff55bde1d0 00007fff90c0a592
0x00007fff55bddad0:   00007fff55bddb20 00007fff8ab834b4
0x00007fff55bddae0:   00007fa01b654a90 00007fa018c02bd0
0x00007fff55bddaf0:   00007fa019805048 00007fa018c48e10
0x00007fff55bddb00:   0000000000000000 00007fa018d74040
0x00007fff55bddb10:   0000000000000000 0000000000000000
0x00007fff55bddb20:   00007fff7a1dfbc0 00007fff55bde0a0
0x00007fff55bddb30:   0000000000000001 0000000000000100
0x00007fff55bddb40:   0000000000001700 00007fff55bddfa0
0x00007fff55bddb50:   0000000000000000 0000000000000100
0x00007fff55bddb60:   00007fff55bddb00 00007fff7a2cf780
0x00007fff55bddb70:   0000000000000000 00007fff7a1a3500
0x00007fff55bddb80:   00007fff7a2cf780 0000000000000000
0x00007fff55bddb90:   00007fff7a1a3500 00007fa01b640e90
0x00007fff55bddba0:   00007fa01b654a00 0000000000000002
0x00007fff55bddbb0:   0000000000000000 00007fff8d7fd4c0
0x00007fff55bddbc0:   00007fff55bddd80 00007fff924c4480 

Instructions: (pc=0x0000000129da45dd)
0x0000000129da45bd:   89 df 4c 89 f1 41 ff 90 68 04 00 00 48 8d 05 f8
0x0000000129da45cd:   24 03 00 48 8b 30 48 8d 05 e6 25 03 00 48 8b 10
0x0000000129da45dd:   48 8b 0b 30 c0 48 89 df ff 91 68 04 00 00 48 8b
0x0000000129da45ed:   03 48 89 df ff 50 78 48 85 c0 74 36 49 89 c6 48 

Register to memory mapping:

RAX=0x0000000129dd6bc0: jScreenNotifySettingsChanged+0 in /Library/Java/JavaVirtualMachines/jdk1.8.0_51.jdk/Contents/Home/jre/lib/libglass.dylib at 0x0000000129d8f000
RBX=0x0000000000000000 is an unknown value
RCX=0x0000000000000103 is an unknown value
RDX=0x00007fa01b63fe60 is an unknown value
RSP=0x00007fff55bdd9d0 is an unknown value
RBP=0x00007fff55bdd9e0 is an unknown value
RSI=0x00007fa018e0e4c0 is a global jni handle
RDI=0x0000000000000000 is an unknown value
R8 =0x0000000000000040 is an unknown value
R9 =0x00007fff7b5611e0: __sFX+0x1c0 in /usr/lib/system/libsystem_c.dylib at 0x00007fff949df000
R10=0xffffffffffffffff is an unknown value
R11=0x0000000000000246 is an unknown value
R12=0x00007fa01b629820 is an unknown value
R13=0x00007fa018d73fa0 is an unknown value
R14=0x00007fa018d73fe0 is an unknown value
R15=0x0000000000000000 is an unknown value


Stack: [0x00007fff553e1000,0x00007fff55be1000],  sp=0x00007fff55bdd9d0,  free space=8178k
Native frames: (J=compiled Java code, j=interpreted, Vv=VM code, C=native code)
C  [libglass.dylib+0x155dd]  GlassScreenDidChangeScreenParameters+0x9d
C  [CoreFoundation+0xa0b0c]  __CFNOTIFICATIONCENTER_IS_CALLING_OUT_TO_AN_OBSERVER__+0xc
C  [CoreFoundation+0xa0a9f]  ___CFXRegistrationPost_block_invoke+0x3f
C  [CoreFoundation+0xa0a17]  _CFXRegistrationPost+0x197
C  [CoreFoundation+0xa0782]  ___CFXNotificationPost_block_invoke+0x32
C  [CoreFoundation+0x5d592]  -[_CFXNotificationRegistrar find:object:observer:enumerator:]+0x782
C  [CoreFoundation+0x5c7e5]  _CFXNotificationPost+0x2b5
C  [Foundation+0x723a]  -[NSNotificationCenter postNotificationName:object:userInfo:]+0x42
C  [AppKit+0x41c08b]  -[NSApplication _reactToScreenInvalidationImmediately:]+0x17f
C  [AppKit+0x41bedc]  __44-[NSApplication _reactToScreenInvalidation:]_block_invoke+0x3b
C  [CoreFoundation+0xaa40c]  __CFRUNLOOP_IS_CALLING_OUT_TO_A_BLOCK__+0xc
C  [CoreFoundation+0x89c55]  __CFRunLoopDoBlocks+0x155
C  [CoreFoundation+0x899bb]  __CFRunLoopRun+0x92b
C  [CoreFoundation+0x88e28]  CFRunLoopRunSpecific+0x128
C  [java+0x6463]  CreateExecutionEnvironment+0x367
C  [java+0x21ac]  JLI_Launch+0x7a0
C  [java+0x84c0]  main+0x65
C  [java+0x1a04]  start+0x34


---------------  P R O C E S S  ---------------

VM state:at safepoint (normal execution)

VM Mutex/Monitor currently owned by a thread:  ([mutex/lock_event])
[0x00007fa018f029d0] Threads_lock - owner thread: 0x00007fa01a037800
[0x00007fa018f02ed0] Heap_lock - owner thread: 0x00007fa0210c0000

Heap:
 PSYoungGen      total 1360384K, used 320270K [0x000000076ab00000, 0x00000007bef00000, 0x00000007c0000000)
  eden space 1341440K, 23% used [0x000000076ab00000,0x000000077e0cbb88,0x00000007bc900000)
  from space 18944K, 16% used [0x00000007bdc80000,0x00000007bdf78000,0x00000007bef00000)
  to   space 19456K, 0% used [0x00000007bc900000,0x00000007bc900000,0x00000007bdc00000)
 ParOldGen       total 175104K, used 24643K [0x00000006c0000000, 0x00000006cab00000, 0x000000076ab00000)
  object space 175104K, 14% used [0x00000006c0000000,0x00000006c1810c40,0x00000006cab00000)
 Metaspace       used 19132K, capacity 20306K, committed 20608K, reserved 1067008K
  class space    used 2601K, capacity 2848K, committed 2944K, reserved 1048576K

Card table byte_map: [0x000000011b729000,0x000000011bf2a000] byte_map_base: 0x0000000118129000

Marking Bits: (ParMarkBitMap*) 0x000000010bcc27a0
 Begin Bits: [0x000000011c480000, 0x0000000120480000)
 End Bits:   [0x0000000120480000, 0x0000000124480000)

Polling page: 0x000000010a314000

CodeCache: size=245760Kb used=13879Kb max_used=14393Kb free=231880Kb
 bounds [0x000000010c369000, 0x000000010d189000, 0x000000011b369000]
 total_blobs=4631 nmethods=3982 adapters=561
 compilation: enabled

Compilation events (10 events):
Event: 1879.340 Thread 0x00007fa01a039000 4493       3       javafx.scene.Scene$MouseHandler::clearPDREventTargets (46 bytes)
Event: 1879.341 Thread 0x00007fa01a039000 nmethod 4493 0x000000010cb357d0 code [0x000000010cb35980, 0x000000010cb35ef8]
Event: 1879.384 Thread 0x00007fa01a039000 4494       3       com.sun.javafx.scene.control.skin.BehaviorSkinBase$1::handle (121 bytes)
Event: 1879.385 Thread 0x00007fa01a039000 nmethod 4494 0x000000010c824010 code [0x000000010c824220, 0x000000010c824b68]
Event: 2184.042 Thread 0x00007fa01a039000 4495       1       javafx.scene.input.KeyCode::impl_getCode (5 bytes)
Event: 2184.042 Thread 0x00007fa01a039000 nmethod 4495 0x000000010c913ad0 code [0x000000010c913c20, 0x000000010c913d30]
Event: 2184.054 Thread 0x00007fa01a039000 4496       3       java.lang.reflect.Constructor::newInstance (87 bytes)
Event: 2184.055 Thread 0x00007fa01a039000 nmethod 4496 0x000000010ca87190 code [0x000000010ca87380, 0x000000010ca87aa8]
Event: 2184.055 Thread 0x00007fa01a039000 4497       3       sun.reflect.DelegatingConstructorAccessorImpl::newInstance (9 bytes)
Event: 2184.055 Thread 0x00007fa01a039000 nmethod 4497 0x000000010c7df250 code [0x000000010c7df3c0, 0x000000010c7df5e8]

GC Heap History (10 events):
Event: 3.379 GC heap before
{Heap before GC invocations=8 (full 0):
 PSYoungGen      total 279040K, used 262368K [0x000000076ab00000, 0x000000078d000000, 0x00000007c0000000)
  eden space 262144K, 100% used [0x000000076ab00000,0x000000077ab00000,0x000000077ab00000)
  from space 16896K, 1% used [0x000000077ab00000,0x000000077ab38000,0x000000077bb80000)
  to   space 18944K, 0% used [0x000000078bd80000,0x000000078bd80000,0x000000078d000000)
 ParOldGen       total 175104K, used 23911K [0x00000006c0000000, 0x00000006cab00000, 0x000000076ab00000)
  object space 175104K, 13% used [0x00000006c0000000,0x00000006c1759c30,0x00000006cab00000)
 Metaspace       used 17139K, capacity 18304K, committed 18560K, reserved 1064960K
  class space    used 2434K, capacity 2667K, committed 2688K, reserved 1048576K
Event: 3.379 GC heap after
Heap after GC invocations=8 (full 0):
 PSYoungGen      total 542720K, used 384K [0x000000076ab00000, 0x000000078d100000, 0x00000007c0000000)
  eden space 523776K, 0% used [0x000000076ab00000,0x000000076ab00000,0x000000078aa80000)
  from space 18944K, 2% used [0x000000078bd80000,0x000000078bde0000,0x000000078d000000)
  to   space 19456K, 0% used [0x000000078aa80000,0x000000078aa80000,0x000000078bd80000)
 ParOldGen       total 175104K, used 23991K [0x00000006c0000000, 0x00000006cab00000, 0x000000076ab00000)
  object space 175104K, 13% used [0x00000006c0000000,0x00000006c176dc30,0x00000006cab00000)
 Metaspace       used 17139K, capacity 18304K, committed 18560K, reserved 1064960K
  class space    used 2434K, capacity 2667K, committed 2688K, reserved 1048576K
}
Event: 3.631 GC heap before
{Heap before GC invocations=9 (full 0):
 PSYoungGen      total 542720K, used 524160K [0x000000076ab00000, 0x000000078d100000, 0x00000007c0000000)
  eden space 523776K, 100% used [0x000000076ab00000,0x000000078aa80000,0x000000078aa80000)
  from space 18944K, 2% used [0x000000078bd80000,0x000000078bde0000,0x000000078d000000)
  to   space 19456K, 0% used [0x000000078aa80000,0x000000078aa80000,0x000000078bd80000)
 ParOldGen       total 175104K, used 23991K [0x00000006c0000000, 0x00000006cab00000, 0x000000076ab00000)
  object space 175104K, 13% used [0x00000006c0000000,0x00000006c176dc30,0x00000006cab00000)
 Metaspace       used 17141K, capacity 18304K, committed 18560K, reserved 1064960K
  class space    used 2434K, capacity 2667K, committed 2688K, reserved 1048576K
Event: 3.632 GC heap after
Heap after GC invocations=9 (full 0):
 PSYoungGen      total 543232K, used 416K [0x000000076ab00000, 0x00000007a0480000, 0x00000007c0000000)
  eden space 523776K, 0% used [0x000000076ab00000,0x000000076ab00000,0x000000078aa80000)
  from space 19456K, 2% used [0x000000078aa80000,0x000000078aae8000,0x000000078bd80000)
  to   space 19968K, 0% used [0x000000079f100000,0x000000079f100000,0x00000007a0480000)
 ParOldGen       total 175104K, used 24063K [0x00000006c0000000, 0x00000006cab00000, 0x000000076ab00000)
  object space 175104K, 13% used [0x00000006c0000000,0x00000006c177fc30,0x00000006cab00000)
 Metaspace       used 17141K, capacity 18304K, committed 18560K, reserved 1064960K
  class space    used 2434K, capacity 2667K, committed 2688K, reserved 1048576K
}
Event: 3.778 GC heap before
{Heap before GC invocations=10 (full 0):
 PSYoungGen      total 543232K, used 524192K [0x000000076ab00000, 0x00000007a0480000, 0x00000007c0000000)
  eden space 523776K, 100% used [0x000000076ab00000,0x000000078aa80000,0x000000078aa80000)
  from space 19456K, 2% used [0x000000078aa80000,0x000000078aae8000,0x000000078bd80000)
  to   space 19968K, 0% used [0x000000079f100000,0x000000079f100000,0x00000007a0480000)
 ParOldGen       total 175104K, used 24063K [0x00000006c0000000, 0x00000006cab00000, 0x000000076ab00000)
  object space 175104K, 13% used [0x00000006c0000000,0x00000006c177fc30,0x00000006cab00000)
 Metaspace       used 17141K, capacity 18304K, committed 18560K, reserved 1064960K
  class space    used 2434K, capacity 2667K, committed 2688K, reserved 1048576K
Event: 3.779 GC heap after
Heap after GC invocations=10 (full 0):
 PSYoungGen      total 858112K, used 288K [0x000000076ab00000, 0x00000007a0480000, 0x00000007c0000000)
  eden space 838144K, 0% used [0x000000076ab00000,0x000000076ab00000,0x000000079dd80000)
  from space 19968K, 1% used [0x000000079f100000,0x000000079f148000,0x00000007a0480000)
  to   space 19968K, 0% used [0x000000079dd80000,0x000000079dd80000,0x000000079f100000)
 ParOldGen       total 175104K, used 24271K [0x00000006c0000000, 0x00000006cab00000, 0x000000076ab00000)
  object space 175104K, 13% used [0x00000006c0000000,0x00000006c17b3c30,0x00000006cab00000)
 Metaspace       used 17141K, capacity 18304K, committed 18560K, reserved 1064960K
  class space    used 2434K, capacity 2667K, committed 2688K, reserved 1048576K
}
Event: 4.142 GC heap before
{Heap before GC invocations=11 (full 0):
 PSYoungGen      total 858112K, used 838432K [0x000000076ab00000, 0x00000007a0480000, 0x00000007c0000000)
  eden space 838144K, 100% used [0x000000076ab00000,0x000000079dd80000,0x000000079dd80000)
  from space 19968K, 1% used [0x000000079f100000,0x000000079f148000,0x00000007a0480000)
  to   space 19968K, 0% used [0x000000079dd80000,0x000000079dd80000,0x000000079f100000)
 ParOldGen       total 175104K, used 24271K [0x00000006c0000000, 0x00000006cab00000, 0x000000076ab00000)
  object space 175104K, 13% used [0x00000006c0000000,0x00000006c17b3c30,0x00000006cab00000)
 Metaspace       used 17142K, capacity 18304K, committed 18560K, reserved 1064960K
  class space    used 2434K, capacity 2667K, committed 2688K, reserved 1048576K
Event: 4.143 GC heap after
Heap after GC invocations=11 (full 0):
 PSYoungGen      total 858112K, used 224K [0x000000076ab00000, 0x00000007bf000000, 0x00000007c0000000)
  eden space 838144K, 0% used [0x000000076ab00000,0x000000076ab00000,0x000000079dd80000)
  from space 19968K, 1% used [0x000000079dd80000,0x000000079ddb8000,0x000000079f100000)
  to   space 19968K, 0% used [0x00000007bdc80000,0x00000007bdc80000,0x00000007bf000000)
 ParOldGen       total 175104K, used 24479K [0x00000006c0000000, 0x00000006cab00000, 0x000000076ab00000)
  object space 175104K, 13% used [0x00000006c0000000,0x00000006c17e7c30,0x00000006cab00000)
 Metaspace       used 17142K, capacity 18304K, committed 18560K, reserved 1064960K
  class space    used 2434K, capacity 2667K, committed 2688K, reserved 1048576K
}
Event: 18.430 GC heap before
{Heap before GC invocations=12 (full 0):
 PSYoungGen      total 858112K, used 838368K [0x000000076ab00000, 0x00000007bf000000, 0x00000007c0000000)
  eden space 838144K, 100% used [0x000000076ab00000,0x000000079dd80000,0x000000079dd80000)
  from space 19968K, 1% used [0x000000079dd80000,0x000000079ddb8000,0x000000079f100000)
  to   space 19968K, 0% used [0x00000007bdc80000,0x00000007bdc80000,0x00000007bf000000)
 ParOldGen       total 175104K, used 24479K [0x00000006c0000000, 0x00000006cab00000, 0x000000076ab00000)
  object space 175104K, 13% used [0x00000006c0000000,0x00000006c17e7c30,0x00000006cab00000)
 Metaspace       used 18599K, capacity 19782K, committed 19840K, reserved 1067008K
  class space    used 2450K, capacity 2678K, committed 2688K, reserved 1048576K
Event: 18.432 GC heap after
Heap after GC invocations=12 (full 0):
 PSYoungGen      total 1360384K, used 3040K [0x000000076ab00000, 0x00000007bef00000, 0x00000007c0000000)
  eden space 1341440K, 0% used [0x000000076ab00000,0x000000076ab00000,0x00000007bc900000)
  from space 18944K, 16% used [0x00000007bdc80000,0x00000007bdf78000,0x00000007bef00000)
  to   space 19456K, 0% used [0x00000007bc900000,0x00000007bc900000,0x00000007bdc00000)
 ParOldGen       total 175104K, used 24643K [0x00000006c0000000, 0x00000006cab00000, 0x000000076ab00000)
  object space 175104K, 14% used [0x00000006c0000000,0x00000006c1810c40,0x00000006cab00000)
 Metaspace       used 18599K, capacity 19782K, committed 19840K, reserved 1067008K
  class space    used 2450K, capacity 2678K, committed 2688K, reserved 1048576K
}

Deoptimization events (10 events):
Event: 18.520 Thread 0x00007fa01921e000 Uncommon trap: reason=class_check action=maybe_recompile pc=0x000000010cb0e870 method=com.sun.javafx.scene.control.skin.LabeledSkinBase.updateWrappingWidth()V @ 4
Event: 18.520 Thread 0x00007fa01921e000 Uncommon trap: reason=class_check action=maybe_recompile pc=0x000000010cb0e870 method=com.sun.javafx.scene.control.skin.LabeledSkinBase.updateWrappingWidth()V @ 4
Event: 18.526 Thread 0x00007fa01a0a1800 Uncommon trap: reason=unstable_if action=reinterpret pc=0x000000010d068490 method=com.sun.javafx.sg.prism.NGNode.markCullRegions(Lcom/sun/javafx/geom/DirtyRegionContainer;ILcom/sun/javafx/geom/transform/BaseTransform;Lcom/sun/javafx/geom/transform/General
Event: 18.526 Thread 0x00007fa01a0a1800 Uncommon trap: reason=unstable_if action=reinterpret pc=0x000000010d1475a8 method=com.sun.javafx.sg.prism.NGGroup.computeRenderRoot(Lcom/sun/javafx/sg/prism/NodePath;Lcom/sun/javafx/geom/RectBounds;ILcom/sun/javafx/geom/transform/BaseTransform;Lcom/sun/ja
Event: 18.526 Thread 0x00007fa01a0a1800 Uncommon trap: reason=unstable_if action=reinterpret pc=0x000000010c805264 method=com.sun.javafx.sg.prism.NGNode.checkBoundsInQuad(Lcom/sun/javafx/geom/RectBounds;Lcom/sun/javafx/geom/RectBounds;Lcom/sun/javafx/geom/transform/BaseTransform;Lcom/sun/javafx
Event: 18.527 Thread 0x00007fa01a0a1800 Uncommon trap: reason=unstable_if action=reinterpret pc=0x000000010cf9c4fc method=com.sun.javafx.sg.prism.NGGroup.renderContent(Lcom/sun/prism/Graphics;)V @ 25
Event: 19.486 Thread 0x00007fa01a0a1800 Uncommon trap: reason=unstable_if action=reinterpret pc=0x000000010d0c01f4 method=com.sun.prism.es2.ES2Shader.setConstant(Ljava/lang/String;F)V @ 48
Event: 19.589 Thread 0x00007fa01921e000 Uncommon trap: reason=unstable_if action=reinterpret pc=0x000000010d0f3974 method=com.sun.javafx.event.EventDispatchChainImpl.ensureCapacity(I)V @ 28
Event: 19.600 Thread 0x00007fa01a0a1800 Uncommon trap: reason=unstable_if action=reinterpret pc=0x000000010cfba678 method=com.sun.javafx.geom.transform.AffineBase.translate(DD)V @ 534
Event: 20.334 Thread 0x00007fa01921e000 Uncommon trap: reason=unstable_if action=reinterpret pc=0x000000010c784970 method=java.lang.String.trim()Ljava/lang/String; @ 23

Internal exceptions (10 events):
Event: 0.368 Thread 0x00007fa01921e000 Exception <a 'java/lang/NullPointerException'> (0x000000076bca5cd0) thrown at [/Users/java_re/workspace/8-2-build-macosx-x86_64/jdk8u51/3951/hotspot/src/share/vm/prims/jvm.cpp, line 1386]
Event: 0.535 Thread 0x00007fa01921e000 Exception <a 'java/lang/ArrayIndexOutOfBoundsException'> (0x000000076c199870) thrown at [/Users/java_re/workspace/8-2-build-macosx-x86_64/jdk8u51/3951/hotspot/src/share/vm/runtime/sharedRuntime.cpp, line 605]
Event: 0.536 Thread 0x00007fa01921e000 Exception <a 'java/lang/ArrayIndexOutOfBoundsException'> (0x000000076c19a4c0) thrown at [/Users/java_re/workspace/8-2-build-macosx-x86_64/jdk8u51/3951/hotspot/src/share/vm/runtime/sharedRuntime.cpp, line 605]
Event: 0.536 Thread 0x00007fa01921e000 Exception <a 'java/lang/ArrayIndexOutOfBoundsException'> (0x000000076c19b7b8) thrown at [/Users/java_re/workspace/8-2-build-macosx-x86_64/jdk8u51/3951/hotspot/src/share/vm/runtime/sharedRuntime.cpp, line 605]
Event: 0.616 Thread 0x00007fa01921e000 Exception <a 'java/lang/ArrayIndexOutOfBoundsException'> (0x000000076c8d6f38) thrown at [/Users/java_re/workspace/8-2-build-macosx-x86_64/jdk8u51/3951/hotspot/src/share/vm/runtime/sharedRuntime.cpp, line 605]
Event: 0.655 Thread 0x00007fa01921e000 Implicit null exception at 0x000000010c69c7f5 to 0x000000010c69ca29
Event: 0.717 Thread 0x00007fa01921e000 Exception <a 'java/io/FileNotFoundException'> (0x000000076cdcb020) thrown at [/Users/java_re/workspace/8-2-build-macosx-x86_64/jdk8u51/3951/hotspot/src/share/vm/prims/jni.cpp, line 709]
Event: 1.980 Thread 0x00007fa01921e000 Implicit null exception at 0x000000010c92418c to 0x000000010c9299ed
Event: 1.980 Thread 0x00007fa01921e000 Implicit null exception at 0x000000010c90b62f to 0x000000010c90d289
Event: 6.952 Thread 0x00007fa01a0a1800 Implicit null exception at 0x000000010cd1f89d to 0x000000010cd2008d

Events (10 events):
Event: 2184.056 Thread 0x00007fa019804000 Thread exited: 0x00007fa019804000
Event: 2184.056 Thread 0x00007fa0210c0000 Thread added: 0x00007fa0210c0000
Event: 2184.056 Thread 0x00007fa01921e000 Thread exited: 0x00007fa01921e000
Event: 2184.056 loading class java/util/IdentityHashMap$KeySet
Event: 2184.057 loading class java/util/IdentityHashMap$KeySet done
Event: 2184.057 loading class java/util/IdentityHashMap$KeyIterator
Event: 2184.057 loading class java/util/IdentityHashMap$IdentityHashMapIterator
Event: 2184.057 loading class java/util/IdentityHashMap$IdentityHashMapIterator done
Event: 2184.057 loading class java/util/IdentityHashMap$KeyIterator done
Event: 2184.057 Thread 0x00007fa0210c0000 Thread exited: 0x00007fa0210c0000


Dynamic libraries:
0x000000000900d000 	/System/Library/Frameworks/Cocoa.framework/Versions/A/Cocoa
0x000000000900d000 	/System/Library/Frameworks/Security.framework/Versions/A/Security
0x000000000900d000 	/System/Library/Frameworks/ApplicationServices.framework/Versions/A/ApplicationServices
0x000000000900d000 	/usr/lib/libz.1.dylib
0x000000000900d000 	/usr/lib/libSystem.B.dylib
0x000000000900d000 	/usr/lib/libobjc.A.dylib
0x000000000900d000 	/System/Library/Frameworks/CoreFoundation.framework/Versions/A/CoreFoundation
0x000000000900d000 	/System/Library/Frameworks/Foundation.framework/Versions/C/Foundation
0x000000000900d000 	/System/Library/Frameworks/AppKit.framework/Versions/C/AppKit
0x000000000900d000 	/System/Library/Frameworks/CoreData.framework/Versions/A/CoreData
0x000000000900d000 	/System/Library/PrivateFrameworks/RemoteViewServices.framework/Versions/A/RemoteViewServices
0x000000000900d000 	/System/Library/PrivateFrameworks/UIFoundation.framework/Versions/A/UIFoundation
0x000000000900d000 	/usr/lib/libScreenReader.dylib
0x000000000900d000 	/System/Library/Frameworks/Accelerate.framework/Versions/A/Accelerate
0x000000000900d000 	/System/Library/Frameworks/IOSurface.framework/Versions/A/IOSurface
0x000000000900d000 	/System/Library/Frameworks/AudioToolbox.framework/Versions/A/AudioToolbox
0x000000000900d000 	/System/Library/Frameworks/AudioUnit.framework/Versions/A/AudioUnit
0x000000000900d000 	/System/Library/PrivateFrameworks/DataDetectorsCore.framework/Versions/A/DataDetectorsCore
0x000000000900d000 	/System/Library/PrivateFrameworks/DesktopServicesPriv.framework/Versions/A/DesktopServicesPriv
0x000000000900d000 	/System/Library/Frameworks/Carbon.framework/Versions/A/Frameworks/HIToolbox.framework/Versions/A/HIToolbox
0x000000000900d000 	/System/Library/Frameworks/QuartzCore.framework/Versions/A/QuartzCore
0x000000000900d000 	/System/Library/Frameworks/Carbon.framework/Versions/A/Frameworks/SpeechRecognition.framework/Versions/A/SpeechRecognition
0x000000000900d000 	/usr/lib/libauto.dylib
0x000000000900d000 	/usr/lib/libicucore.A.dylib
0x000000000900d000 	/usr/lib/libxml2.2.dylib
0x000000000900d000 	/System/Library/PrivateFrameworks/CoreUI.framework/Versions/A/CoreUI
0x000000000900d000 	/System/Library/Frameworks/CoreAudio.framework/Versions/A/CoreAudio
0x000000000900d000 	/System/Library/Frameworks/DiskArbitration.framework/Versions/A/DiskArbitration
0x000000000900d000 	/usr/lib/liblangid.dylib
0x000000000900d000 	/System/Library/PrivateFrameworks/MultitouchSupport.framework/Versions/A/MultitouchSupport
0x000000000900d000 	/System/Library/Frameworks/IOKit.framework/Versions/A/IOKit
0x000000000900d000 	/usr/lib/libDiagnosticMessagesClient.dylib
0x000000000900d000 	/System/Library/Frameworks/CoreServices.framework/Versions/A/CoreServices
0x000000000900d000 	/System/Library/PrivateFrameworks/PerformanceAnalysis.framework/Versions/A/PerformanceAnalysis
0x000000000900d000 	/System/Library/PrivateFrameworks/GenerationalStorage.framework/Versions/A/GenerationalStorage
0x000000000900d000 	/System/Library/Frameworks/OpenGL.framework/Versions/A/OpenGL
0x000000000900d000 	/System/Library/PrivateFrameworks/Sharing.framework/Versions/A/Sharing
0x000000000900d000 	/System/Library/Frameworks/CoreGraphics.framework/Versions/A/CoreGraphics
0x000000000900d000 	/System/Library/Frameworks/CoreImage.framework/Versions/A/CoreImage
0x000000000900d000 	/System/Library/Frameworks/CoreText.framework/Versions/A/CoreText
0x000000000900d000 	/System/Library/Frameworks/ImageIO.framework/Versions/A/ImageIO
0x000000000900d000 	/System/Library/PrivateFrameworks/Backup.framework/Versions/A/Backup
0x000000000900d000 	/usr/lib/libextension.dylib
0x000000000900d000 	/usr/lib/libarchive.2.dylib
0x000000000900d000 	/System/Library/Frameworks/CFNetwork.framework/Versions/A/CFNetwork
0x000000000900d000 	/System/Library/Frameworks/SystemConfiguration.framework/Versions/A/SystemConfiguration
0x000000000900d000 	/usr/lib/libCRFSuite.dylib
0x000000000900d000 	/usr/lib/libc++.1.dylib
0x000000000900d000 	/usr/lib/libc++abi.dylib
0x000000000900d000 	/usr/lib/system/libcache.dylib
0x000000000900d000 	/usr/lib/system/libcommonCrypto.dylib
0x000000000900d000 	/usr/lib/system/libcompiler_rt.dylib
0x000000000900d000 	/usr/lib/system/libcopyfile.dylib
0x000000000900d000 	/usr/lib/system/libcorecrypto.dylib
0x000000000900d000 	/usr/lib/system/libdispatch.dylib
0x000000000900d000 	/usr/lib/system/libdyld.dylib
0x000000000900d000 	/usr/lib/system/libkeymgr.dylib
0x000000000900d000 	/usr/lib/system/liblaunch.dylib
0x000000000900d000 	/usr/lib/system/libmacho.dylib
0x000000000900d000 	/usr/lib/system/libquarantine.dylib
0x000000000900d000 	/usr/lib/system/libremovefile.dylib
0x000000000900d000 	/usr/lib/system/libsystem_asl.dylib
0x000000000900d000 	/usr/lib/system/libsystem_blocks.dylib
0x000000000900d000 	/usr/lib/system/libsystem_c.dylib
0x000000000900d000 	/usr/lib/system/libsystem_configuration.dylib
0x000000000900d000 	/usr/lib/system/libsystem_coreservices.dylib
0x000000000900d000 	/usr/lib/system/libsystem_coretls.dylib
0x000000000900d000 	/usr/lib/system/libsystem_dnssd.dylib
0x000000000900d000 	/usr/lib/system/libsystem_info.dylib
0x000000000900d000 	/usr/lib/system/libsystem_kernel.dylib
0x000000000900d000 	/usr/lib/system/libsystem_m.dylib
0x000000000900d000 	/usr/lib/system/libsystem_malloc.dylib
0x000000000900d000 	/usr/lib/system/libsystem_network.dylib
0x000000000900d000 	/usr/lib/system/libsystem_networkextension.dylib
0x000000000900d000 	/usr/lib/system/libsystem_notify.dylib
0x000000000900d000 	/usr/lib/system/libsystem_platform.dylib
0x000000000900d000 	/usr/lib/system/libsystem_pthread.dylib
0x000000000900d000 	/usr/lib/system/libsystem_sandbox.dylib
0x000000000900d000 	/usr/lib/system/libsystem_secinit.dylib
0x000000000900d000 	/usr/lib/system/libsystem_trace.dylib
0x000000000900d000 	/usr/lib/system/libunc.dylib
0x000000000900d000 	/usr/lib/system/libunwind.dylib
0x000000000900d000 	/usr/lib/system/libxpc.dylib
0x000000000900d000 	/usr/lib/libenergytrace.dylib
0x000000000900d000 	/usr/lib/libbsm.0.dylib
0x000000000900d000 	/usr/lib/system/libkxld.dylib
0x000000000900d000 	/usr/lib/libxar.1.dylib
0x000000000900d000 	/usr/lib/libsqlite3.dylib
0x000000000900d000 	/usr/lib/libpam.2.dylib
0x000000000900d000 	/usr/lib/libOpenScriptingUtil.dylib
0x000000000900d000 	/usr/lib/libbz2.1.0.dylib
0x000000000900d000 	/usr/lib/liblzma.5.dylib
0x000000000900d000 	/System/Library/Frameworks/CoreServices.framework/Versions/A/Frameworks/FSEvents.framework/Versions/A/FSEvents
0x000000000900d000 	/System/Library/Frameworks/CoreServices.framework/Versions/A/Frameworks/CarbonCore.framework/Versions/A/CarbonCore
0x000000000900d000 	/System/Library/Frameworks/CoreServices.framework/Versions/A/Frameworks/Metadata.framework/Versions/A/Metadata
0x000000000900d000 	/System/Library/Frameworks/CoreServices.framework/Versions/A/Frameworks/OSServices.framework/Versions/A/OSServices
0x000000000900d000 	/System/Library/Frameworks/CoreServices.framework/Versions/A/Frameworks/SearchKit.framework/Versions/A/SearchKit
0x000000000900d000 	/System/Library/Frameworks/CoreServices.framework/Versions/A/Frameworks/AE.framework/Versions/A/AE
0x000000000900d000 	/System/Library/Frameworks/CoreServices.framework/Versions/A/Frameworks/LaunchServices.framework/Versions/A/LaunchServices
0x000000000900d000 	/System/Library/Frameworks/CoreServices.framework/Versions/A/Frameworks/DictionaryServices.framework/Versions/A/DictionaryServices
0x000000000900d000 	/System/Library/Frameworks/CoreServices.framework/Versions/A/Frameworks/SharedFileList.framework/Versions/A/SharedFileList
0x000000000900d000 	/System/Library/Frameworks/NetFS.framework/Versions/A/NetFS
0x000000000900d000 	/System/Library/PrivateFrameworks/NetAuth.framework/Versions/A/NetAuth
0x000000000900d000 	/System/Library/PrivateFrameworks/login.framework/Versions/A/Frameworks/loginsupport.framework/Versions/A/loginsupport
0x000000000900d000 	/System/Library/PrivateFrameworks/TCC.framework/Versions/A/TCC
0x000000000900d000 	/usr/lib/libmecabra.dylib
0x000000000900d000 	/System/Library/Frameworks/ApplicationServices.framework/Versions/A/Frameworks/ATS.framework/Versions/A/ATS
0x000000000900d000 	/System/Library/Frameworks/ApplicationServices.framework/Versions/A/Frameworks/ColorSync.framework/Versions/A/ColorSync
0x000000000900d000 	/System/Library/Frameworks/ApplicationServices.framework/Versions/A/Frameworks/HIServices.framework/Versions/A/HIServices
0x000000000900d000 	/System/Library/Frameworks/ApplicationServices.framework/Versions/A/Frameworks/LangAnalysis.framework/Versions/A/LangAnalysis
0x000000000900d000 	/System/Library/Frameworks/ApplicationServices.framework/Versions/A/Frameworks/PrintCore.framework/Versions/A/PrintCore
0x000000000900d000 	/System/Library/Frameworks/ApplicationServices.framework/Versions/A/Frameworks/QD.framework/Versions/A/QD
0x000000000900d000 	/System/Library/Frameworks/ApplicationServices.framework/Versions/A/Frameworks/SpeechSynthesis.framework/Versions/A/SpeechSynthesis
0x000000000900d000 	/System/Library/Frameworks/Metal.framework/Versions/A/Metal
0x000000000900d000 	/System/Library/Frameworks/Accelerate.framework/Versions/A/Frameworks/vImage.framework/Versions/A/vImage
0x000000000900d000 	/System/Library/Frameworks/Accelerate.framework/Versions/A/Frameworks/vecLib.framework/Versions/A/vecLib
0x000000000900d000 	/System/Library/Frameworks/Accelerate.framework/Versions/A/Frameworks/vecLib.framework/Versions/A/libvDSP.dylib
0x000000000900d000 	/System/Library/Frameworks/Accelerate.framework/Versions/A/Frameworks/vecLib.framework/Versions/A/libvMisc.dylib
0x000000000900d000 	/System/Library/Frameworks/Accelerate.framework/Versions/A/Frameworks/vecLib.framework/Versions/A/libLAPACK.dylib
0x000000000900d000 	/System/Library/Frameworks/Accelerate.framework/Versions/A/Frameworks/vecLib.framework/Versions/A/libBLAS.dylib
0x000000000900d000 	/System/Library/Frameworks/Accelerate.framework/Versions/A/Frameworks/vecLib.framework/Versions/A/libLinearAlgebra.dylib
0x000000000900d000 	/System/Library/Frameworks/Accelerate.framework/Versions/A/Frameworks/vecLib.framework/Versions/A/libSparseBLAS.dylib
0x000000000900d000 	/System/Library/PrivateFrameworks/GPUCompiler.framework/libmetal_timestamp.dylib
0x000000000900d000 	/System/Library/Frameworks/OpenGL.framework/Versions/A/Libraries/libCoreFSCache.dylib
0x000000000900d000 	/System/Library/PrivateFrameworks/IOAccelerator.framework/Versions/A/IOAccelerator
0x000000000900d000 	/System/Library/Frameworks/ApplicationServices.framework/Versions/A/Frameworks/ATS.framework/Versions/A/Resources/libFontParser.dylib
0x000000000900d000 	/System/Library/Frameworks/ApplicationServices.framework/Versions/A/Frameworks/ATS.framework/Versions/A/Resources/libFontRegistry.dylib
0x000000000900d000 	/System/Library/PrivateFrameworks/AppleVPA.framework/Versions/A/AppleVPA
0x000000000900d000 	/System/Library/PrivateFrameworks/AppleJPEG.framework/Versions/A/AppleJPEG
0x000000000900d000 	/System/Library/Frameworks/ImageIO.framework/Versions/A/Resources/libJPEG.dylib
0x000000000900d000 	/System/Library/Frameworks/ImageIO.framework/Versions/A/Resources/libTIFF.dylib
0x000000000900d000 	/System/Library/Frameworks/ImageIO.framework/Versions/A/Resources/libPng.dylib
0x000000000900d000 	/System/Library/Frameworks/ImageIO.framework/Versions/A/Resources/libGIF.dylib
0x000000000900d000 	/System/Library/Frameworks/ImageIO.framework/Versions/A/Resources/libJP2.dylib
0x000000000900d000 	/System/Library/Frameworks/ImageIO.framework/Versions/A/Resources/libRadiance.dylib
0x000000000900d000 	/System/Library/Frameworks/CoreVideo.framework/Versions/A/CoreVideo
0x000000000900d000 	/System/Library/Frameworks/OpenGL.framework/Versions/A/Libraries/libGLU.dylib
0x000000000900d000 	/System/Library/Frameworks/OpenGL.framework/Versions/A/Libraries/libGFXShared.dylib
0x000000000900d000 	/System/Library/Frameworks/OpenGL.framework/Versions/A/Libraries/libGL.dylib
0x000000000900d000 	/System/Library/Frameworks/OpenGL.framework/Versions/A/Libraries/libGLImage.dylib
0x000000000900d000 	/System/Library/Frameworks/OpenGL.framework/Versions/A/Libraries/libCVMSPluginSupport.dylib
0x000000000900d000 	/System/Library/Frameworks/OpenGL.framework/Versions/A/Libraries/libCoreVMClient.dylib
0x000000000900d000 	/usr/lib/libcompression.dylib
0x000000000900d000 	/usr/lib/libcups.2.dylib
0x000000000900d000 	/System/Library/Frameworks/Kerberos.framework/Versions/A/Kerberos
0x000000000900d000 	/System/Library/Frameworks/GSS.framework/Versions/A/GSS
0x000000000900d000 	/usr/lib/libresolv.9.dylib
0x000000000900d000 	/usr/lib/libiconv.2.dylib
0x000000000900d000 	/System/Library/PrivateFrameworks/Heimdal.framework/Versions/A/Heimdal
0x000000000900d000 	/usr/lib/libheimdal-asn1.dylib
0x000000000900d000 	/System/Library/Frameworks/OpenDirectory.framework/Versions/A/OpenDirectory
0x000000000900d000 	/System/Library/PrivateFrameworks/CommonAuth.framework/Versions/A/CommonAuth
0x000000000900d000 	/System/Library/Frameworks/OpenDirectory.framework/Versions/A/Frameworks/CFOpenDirectory.framework/Versions/A/CFOpenDirectory
0x000000000900d000 	/System/Library/Frameworks/SecurityFoundation.framework/Versions/A/SecurityFoundation
0x000000000900d000 	/System/Library/PrivateFrameworks/LanguageModeling.framework/Versions/A/LanguageModeling
0x000000000900d000 	/usr/lib/libmarisa.dylib
0x000000000900d000 	/usr/lib/libChineseTokenizer.dylib
0x000000000900d000 	/usr/lib/libcmph.dylib
0x000000000900d000 	/System/Library/Frameworks/ServiceManagement.framework/Versions/A/ServiceManagement
0x000000000900d000 	/usr/lib/libxslt.1.dylib
0x000000000900d000 	/System/Library/Frameworks/Carbon.framework/Versions/A/Frameworks/Ink.framework/Versions/A/Ink
0x000000000900d000 	/usr/lib/libFosl_dynamic.dylib
0x000000000900d000 	/System/Library/PrivateFrameworks/FaceCore.framework/Versions/A/FaceCore
0x000000000900d000 	/System/Library/Frameworks/OpenCL.framework/Versions/A/OpenCL
0x000000000900d000 	/System/Library/PrivateFrameworks/CrashReporterSupport.framework/Versions/A/CrashReporterSupport
0x000000000900d000 	/System/Library/PrivateFrameworks/IconServices.framework/Versions/A/IconServices
0x000000000900d000 	/System/Library/PrivateFrameworks/Apple80211.framework/Versions/A/Apple80211
0x000000000900d000 	/System/Library/Frameworks/CoreWLAN.framework/Versions/A/CoreWLAN
0x000000000900d000 	/System/Library/Frameworks/IOBluetooth.framework/Versions/A/IOBluetooth
0x000000000900d000 	/System/Library/PrivateFrameworks/CoreWiFi.framework/Versions/A/CoreWiFi
0x000000000900d000 	/System/Library/Frameworks/CoreBluetooth.framework/Versions/A/CoreBluetooth
0x000000000900d000 	/System/Library/PrivateFrameworks/ChunkingLibrary.framework/Versions/A/ChunkingLibrary
0x000000000900d000 	/System/Library/PrivateFrameworks/DebugSymbols.framework/Versions/A/DebugSymbols
0x000000000900d000 	/System/Library/PrivateFrameworks/CoreSymbolication.framework/Versions/A/CoreSymbolication
0x000000000900d000 	/System/Library/PrivateFrameworks/Symbolication.framework/Versions/A/Symbolication
0x000000000900d000 	/System/Library/PrivateFrameworks/SpeechRecognitionCore.framework/Versions/A/SpeechRecognitionCore
0x000000010b400000 	/Library/Java/JavaVirtualMachines/jdk1.8.0_51.jdk/Contents/Home/jre/lib/server/libjvm.dylib
0x000000000900d000 	/usr/lib/libstdc++.6.dylib
0x000000010a2d1000 	/Library/Java/JavaVirtualMachines/jdk1.8.0_51.jdk/Contents/Home/jre/lib/libverify.dylib
0x000000010a2df000 	/Library/Java/JavaVirtualMachines/jdk1.8.0_51.jdk/Contents/Home/jre/lib/libjava.dylib
0x000000010a31e000 	/Library/Java/JavaVirtualMachines/jdk1.8.0_51.jdk/Contents/Home/jre/lib/libzip.dylib
0x000000012732c000 	/System/Library/Frameworks/JavaVM.framework/Frameworks/JavaRuntimeSupport.framework/JavaRuntimeSupport
0x0000000127347000 	/System/Library/Frameworks/JavaVM.framework/Versions/A/Frameworks/JavaNativeFoundation.framework/Versions/A/JavaNativeFoundation
0x000000010a3f2000 	/System/Library/Frameworks/JavaVM.framework/Versions/A/JavaVM
0x000000000900d000 	/System/Library/Frameworks/Carbon.framework/Versions/A/Carbon
0x000000012735c000 	/System/Library/PrivateFrameworks/JavaLaunching.framework/Versions/A/JavaLaunching
0x000000000900d000 	/System/Library/Frameworks/Carbon.framework/Versions/A/Frameworks/CommonPanels.framework/Versions/A/CommonPanels
0x000000000900d000 	/System/Library/Frameworks/Carbon.framework/Versions/A/Frameworks/Help.framework/Versions/A/Help
0x000000000900d000 	/System/Library/Frameworks/Carbon.framework/Versions/A/Frameworks/ImageCapture.framework/Versions/A/ImageCapture
0x000000000900d000 	/System/Library/Frameworks/Carbon.framework/Versions/A/Frameworks/OpenScripting.framework/Versions/A/OpenScripting
0x000000000900d000 	/System/Library/Frameworks/Carbon.framework/Versions/A/Frameworks/Print.framework/Versions/A/Print
0x000000000900d000 	/System/Library/Frameworks/Carbon.framework/Versions/A/Frameworks/SecurityHI.framework/Versions/A/SecurityHI
0x0000000128d19000 	/Library/Java/JavaVirtualMachines/jdk1.8.0_51.jdk/Contents/Home/jre/lib/libprism_es2.dylib
0x0000000128d9a000 	/System/Library/Frameworks/OpenGL.framework/Resources/GLEngine.bundle/GLEngine
0x000000000900d000 	/System/Library/Frameworks/OpenGL.framework/Versions/A/Libraries/libGLProgrammability.dylib
0x0000000128f82000 	/System/Library/Extensions/AppleIntelHD5000GraphicsGLDriver.bundle/Contents/MacOS/AppleIntelHD5000GraphicsGLDriver
0x000000000900d000 	/System/Library/PrivateFrameworks/GPUSupport.framework/Versions/A/Libraries/libGPUSupportMercury.dylib
0x00000001296d5000 	/System/Library/Extensions/AMDRadeonX4000GLDriver.bundle/Contents/MacOS/AMDRadeonX4000GLDriver
0x00000001297a1000 	/System/Library/Extensions/AMDRadeonX4000GLDriver.bundle/Contents/MacOS/ATIRadeonX4000SCLib.dylib
0x0000000129d08000 	/System/Library/Frameworks/OpenGL.framework/Resources//GLRendererFloat.bundle/GLRendererFloat
0x000000000900d000 	/System/Library/Frameworks/OpenCL.framework/Versions/A/Libraries/libcldcpuengine.dylib
0x000000000900d000 	/System/Library/PrivateFrameworks/DiskImages.framework/Versions/A/DiskImages
0x000000000900d000 	/System/Library/Frameworks/DiscRecording.framework/Versions/A/DiscRecording
0x000000000900d000 	/usr/lib/libcsfde.dylib
0x000000000900d000 	/usr/lib/libcurl.4.dylib
0x000000000900d000 	/System/Library/PrivateFrameworks/MediaKit.framework/Versions/A/MediaKit
0x000000000900d000 	/System/Library/PrivateFrameworks/ProtectedCloudStorage.framework/Versions/A/ProtectedCloudStorage
0x000000000900d000 	/usr/lib/libCoreStorage.dylib
0x000000000900d000 	/System/Library/PrivateFrameworks/EFILogin.framework/Versions/A/EFILogin
0x000000000900d000 	/usr/lib/libutil.dylib
0x000000000900d000 	/System/Library/PrivateFrameworks/FindMyDevice.framework/Versions/A/FindMyDevice
0x000000000900d000 	/System/Library/Frameworks/LDAP.framework/Versions/A/LDAP
0x000000000900d000 	/usr/lib/libsasl2.2.dylib
0x000000000900d000 	/System/Library/PrivateFrameworks/CoreDaemon.framework/Versions/B/CoreDaemon
0x000000000900d000 	/usr/lib/libcrypto.0.9.8.dylib
0x000000000900d000 	/System/Library/PrivateFrameworks/AppleSRP.framework/Versions/A/AppleSRP
0x000000000900d000 	/System/Library/PrivateFrameworks/TrustEvaluationAgent.framework/Versions/A/TrustEvaluationAgent
0x0000000129d8f000 	/Library/Java/JavaVirtualMachines/jdk1.8.0_51.jdk/Contents/Home/jre/lib/libglass.dylib
0x000000000900d000 	/System/Library/PrivateFrameworks/CoreServicesInternal.framework/Versions/A/CoreServicesInternal
0x000000000900d000 	/System/Library/CoreServices/RawCamera.bundle/Contents/MacOS/RawCamera
0x000000000900d000 	/System/Library/Frameworks/CoreGraphics.framework/Versions/A/Resources/libRIP.A.dylib
0x000000000900d000 	/System/Library/Frameworks/Accelerate.framework/Versions/A/Frameworks/vImage.framework/Versions/A/Libraries/libCGInterfaces.dylib
0x000000000900d000 	/System/Library/PrivateFrameworks/FamilyControls.framework/Versions/A/FamilyControls
0x000000000900d000 	/System/Library/PrivateFrameworks/CommerceKit.framework/Versions/A/Frameworks/CommerceCore.framework/Versions/A/CommerceCore
0x000000000900d000 	/System/Library/PrivateFrameworks/SystemAdministration.framework/Versions/A/SystemAdministration
0x000000000900d000 	/System/Library/PrivateFrameworks/AppContainer.framework/Versions/A/AppContainer
0x000000000900d000 	/System/Library/PrivateFrameworks/SecCodeWrapper.framework/Versions/A/SecCodeWrapper
0x000000000900d000 	/System/Library/Frameworks/DirectoryService.framework/Versions/A/DirectoryService
0x000000000900d000 	/System/Library/PrivateFrameworks/LoginUIKit.framework/Versions/A/Frameworks/LoginUICore.framework/Versions/A/LoginUICore
0x000000000900d000 	/usr/lib/libodfde.dylib
0x000000012a952000 	/Library/Java/JavaVirtualMachines/jdk1.8.0_51.jdk/Contents/Home/jre/lib/libjavafx_font.dylib
0x000000000900d000 	/System/Library/Frameworks/CoreGraphics.framework/Versions/A/Resources/libCGXType.A.dylib
0x000000012aae6000 	cl_kernels
0x000000000900d000 	/System/Library/Frameworks/OpenCL.framework/Versions/A/Libraries/ImageFormats/unorm8_bgra.dylib
0x000000000900d000 	/System/Library/Frameworks/OpenCL.framework/Versions/A/Libraries/ImageFormats/unorm8_rgba.dylib
0x000000012a92f000 	/Library/Java/JavaVirtualMachines/jdk1.8.0_51.jdk/Contents/Home/jre/lib/libprism_common.dylib
0x000000012fc17000 	/System/Library/Extensions/AMDMTLBronzeDriver.bundle/Contents/MacOS/AMDMTLBronzeDriver
0x000000000900d000 	/System/Library/PrivateFrameworks/IOAccelMemoryInfo.framework/Versions/A/IOAccelMemoryInfo
0x00000001312f1000 	/System/Library/Extensions/AppleIntelHD5000GraphicsMTLDriver.bundle/Contents/MacOS/AppleIntelHD5000GraphicsMTLDriver

VM Arguments:
jvm_args: -Dfile.encoding=UTF-8 
java_command: /Users/dnbostw/NetBeansProjects/TreeClimber/dist/run111348535/TreeClimber.jar
java_class_path (initial): /Users/dnbostw/NetBeansProjects/TreeClimber/dist/run111348535/TreeClimber.jar
Launcher Type: SUN_STANDARD

Environment Variables:
PATH=/usr/bin:/bin:/usr/sbin:/sbin
LD_LIBRARY_PATH=/Library/Java/JavaVirtualMachines/jdk1.8.0_51.jdk/Contents/Home/jre/lib/amd64:/Library/Java/JavaVirtualMachines/jdk1.8.0_51.jdk/Contents/Home/jre/lib/i386:
SHELL=/bin/bash

Signal Handlers:
SIGSEGV: [libjvm.dylib+0x58ef35], sa_mask[0]=11111111011111110111111111111111, sa_flags=SA_ONSTACK|SA_RESTART|SA_SIGINFO
SIGBUS: [libjvm.dylib+0x58ef35], sa_mask[0]=11111111011111110111111111111111, sa_flags=SA_RESTART|SA_SIGINFO
SIGFPE: [libjvm.dylib+0x46c028], sa_mask[0]=11111111011111110111111111111111, sa_flags=SA_RESTART|SA_SIGINFO
SIGPIPE: [libjvm.dylib+0x46c028], sa_mask[0]=11111111011111110111111111111111, sa_flags=SA_RESTART|SA_SIGINFO
SIGXFSZ: [libjvm.dylib+0x46c028], sa_mask[0]=11111111011111110111111111111111, sa_flags=SA_RESTART|SA_SIGINFO
SIGILL: [libjvm.dylib+0x46c028], sa_mask[0]=11111111011111110111111111111111, sa_flags=SA_RESTART|SA_SIGINFO
SIGUSR1: SIG_DFL, sa_mask[0]=00000000000000000000000000000000, sa_flags=none
SIGUSR2: [libjvm.dylib+0x46bb46], sa_mask[0]=00100000000000000000000000000000, sa_flags=SA_RESTART|SA_SIGINFO
SIGHUP: [libjvm.dylib+0x46a119], sa_mask[0]=11111111011111110111111111111111, sa_flags=SA_RESTART|SA_SIGINFO
SIGINT: SIG_IGN, sa_mask[0]=00000000000000000000000000000000, sa_flags=none
SIGTERM: [libjvm.dylib+0x46a119], sa_mask[0]=11111111011111110111111111111111, sa_flags=SA_RESTART|SA_SIGINFO
SIGQUIT: [libjvm.dylib+0x46a119], sa_mask[0]=11111111011111110111111111111111, sa_flags=SA_RESTART|SA_SIGINFO


---------------  S Y S T E M  ---------------

OS:Bsduname:Darwin 15.6.0 Darwin Kernel Version 15.6.0: Tue Apr 11 16:00:51 PDT 2017; root:xnu-3248.60.11.5.3~1/RELEASE_X86_64 x86_64
rlimit: STACK 8192k, CORE 0k, NPROC 709, NOFILE 10240, AS infinity
load average:2.75 2.14 1.88

CPU:total 8 (4 cores per cpu, 2 threads per core) family 6 model 70 stepping 1, cmov, cx8, fxsr, mmx, sse, sse2, sse3, ssse3, sse4.1, sse4.2, popcnt, avx, avx2, aes, clmul, erms, lzcnt, ht, tsc, tscinvbit, bmi1, bmi2

Memory: 4k page, physical 16777216k(1898040k free)

/proc/meminfo:


vm_info: Java HotSpot(TM) 64-Bit Server VM (25.51-b03) for bsd-amd64 JRE (1.8.0_51-b16), built on Jun  8 2015 18:01:11 by "java_re" with gcc 4.2.1 (Based on Apple Inc. build 5658) (LLVM build 2336.11.00)

time: Mon Aug 14 19:14:05 2017
elapsed time: 2184 seconds (0d 0h 36m 24s)

