edu.emory.commons.portal.server.UserAuthentication:getUserEppn()
edu.emory.commons.portal.server.service.RoleService:getRoleDTOsForPublicId(java.lang.String,javax.persistence.EntityManager)
edu.emory.commons.portal.server.entity.commons.UserInfo:setUser(edu.emory.commons.portal.client.dto.PersonDTO)
edu.emory.commons.portal.server.paging.SortController:getEpexIdFromKey(java.lang.String)
edu.emory.commons.portal.server.util.DtoBuilder:convertCommonsPerson(edu.emory.commons.portal.server.entity.commons.CommonsPerson,boolean)
edu.emory.commons.portal.server.entity.commons.PersonRole:getPermissionFlags()
edu.emory.commons.portal.server.UserAuthentication:getValue(java.lang.String)
edu.emory.commons.portal.server.service.RoleService:getRolesForPublicId(java.lang.String,javax.persistence.EntityManager)
edu.emory.commons.portal.server.EnterpriseDataServiceImpl:getServletSession()
edu.emory.commons.portal.client.dto.CommonsProposalDTO:removeIrbProposal(java.lang.String)
edu.emory.commons.portal.server.service.PersonService:getCurrentUser(boolean)
edu.emory.commons.portal.server.PermissionService:setPersonService(edu.emory.commons.portal.server.service.PersonService)
edu.emory.commons.portal.client.dto.RoleDTO:setAssociatedPi(edu.emory.commons.portal.client.dto.PersonDTO)
edu.emory.commons.portal.server.EnterpriseDataServiceImpl:addEirbAssociatedSystem(java.lang.Long,java.lang.String,java.lang.String,int,edu.emory.commons.portal.client.dto.eirb.IrbProposalDTO)
edu.emory.commons.portal.server.EnterpriseDataServiceImpl:checkTimeout()
edu.emory.commons.portal.server.EnterpriseDataServiceImpl:updateCacheForEirb(java.lang.String,java.lang.String,java.lang.Object,boolean)
edu.emory.commons.portal.client.view.utils.CommonsUtilities:isNullOrEmpty(java.lang.Object)
net.sf.ehcache.Element:getObjectValue()
edu.emory.commons.portal.server.ApplicationUsers:getUserInfo()
edu.emory.commons.portal.server.util.DtoBuilder:convertRole(edu.emory.commons.portal.server.entity.commons.PersonRole,javax.persistence.EntityManager)
edu.emory.commons.portal.server.CommonsCacheManager:getCacheByType(int)
edu.emory.commons.portal.server.service.AssociatedSystemsService:addEirbAssociatedSystem(java.lang.Long,edu.emory.commons.portal.client.dto.eirb.IrbProposalDTO,javax.persistence.EntityManager,java.lang.String)
edu.emory.commons.portal.client.view.utils.CommonsUtilities:isEmptyString(java.lang.String)
edu.emory.commons.portal.server.service.PersonService:getCurrentUserEppn()
edu.emory.commons.portal.client.dto.RoleDTO:setPerson(edu.emory.commons.portal.client.dto.PersonDTO)
edu.emory.commons.portal.server.EnterpriseDataServiceImpl:rollback(javax.persistence.EntityManager)
edu.emory.commons.portal.server.service.RoleService:updateRolesForPerson(edu.emory.commons.portal.client.dto.PersonDTO,javax.persistence.EntityManager)
edu.emory.commons.portal.server.ApplicationUsers:getJSessionId()
edu.emory.commons.portal.server.paging.SortController:updateCachedProposalEirb(java.lang.String,java.lang.String,int,java.lang.Object,boolean)
edu.emory.commons.portal.server.entity.ohm.OrganizationUnit:getId()
edu.emory.commons.portal.client.dto.CommonsProposalDTO:getIrbProposals()
edu.emory.commons.portal.shared.util.DataConversionUtilities:flagToBoolean(java.lang.Character)
edu.emory.commons.portal.server.entity.commons.PersonRole:getOrgCascadeFlag()
edu.emory.commons.portal.server.EnterpriseDataServiceImpl:getCurrentUserEppn()
edu.emory.commons.portal.server.util.DtoBuilder:buildRoleDTOList(java.util.List,javax.persistence.EntityManager)
edu.emory.commons.portal.server.paging.CacheIndex:getValueFor(java.lang.Object)
